      1 [main] pdp11 15008 find_fast_cwd: WARNING: Couldn't compute FAST_CWD pointer.  Please report this problem to
the public mailing list cygwin@cygwin.com
cygwin warning:
  MS-DOS style path detected: 09_hello_mode6\09_hello_mode6.pdp.o
  Preferred POSIX equivalent is: 09_hello_mode6/09_hello_mode6.pdp.o
  CYGWIN environment variable option "nodosfilewarning" turns off this warning.
  Consult the user's guide for more details about POSIX paths:
    http://cygwin.com/cygwin-ug-net/using.html#using-pathnames

---------------- running --------------
001000: mov     #000202,r1              [001002]=000202 
001004: mov     000200,r2               [000200]=000005 
001010: movb    (r1)+,r0                [000202]=110 
001012: tstb    177564                  [177564]=200 
001016: bpl     001012                  
001020: movb    r0,177566               R0=110 [177566] 
001024: sob     r2,001010               
001010: movb    (r1)+,r0                [000203]=145 
001012: tstb    177564                  [177564]=200 
001016: bpl     001012                  
001020: movb    r0,177566               R0=145 [177566] 
001024: sob     r2,001010               
001010: movb    (r1)+,r0                [000204]=154 
001012: tstb    177564                  [177564]=200 
001016: bpl     001012                  
001020: movb    r0,177566               R0=154 [177566] 
001024: sob     r2,001010               
001010: movb    (r1)+,r0                [000205]=154 
001012: tstb    177564                  [177564]=200 
001016: bpl     001012                  
001020: movb    r0,177566               R0=154 [177566] 
001024: sob     r2,001010               
001010: movb    (r1)+,r0                [000206]=157 
001012: tstb    177564                  [177564]=200 
001016: bpl     001012                  
001020: movb    r0,177566               R0=157 [177566] 
001024: sob     r2,001010               
001026: halt                            

---------------- halted ---------------
r0=000157 r2=000000 r4=000000 sp=000000
r1=000207 r3=000000 r5=000000 pc=001030
psw=000000: cm=k pm=k pri=0        [28]
