      1 [main] pdp11 2876 find_fast_cwd: WARNING: Couldn't compute FAST_CWD pointer.  Please report this problem to
the public mailing list cygwin@cygwin.com

---------------- running --------------
001000: mov     @#000200,r0             [000200]=011064 
001004: mov     r0,r1                   R0=011064 
001006: mov     #000004,r2              [001010]=000004 
001012: mov     #177764,r3              [001014]=177764 
001016: mov     r1,r0                   R1=011064 
001020: ash     r3,r0                   R3=177764 
001022: bic     #177760,r0              [001024]=177760 R0=000001 
001026: add     #000230,r0              [001030]=000230 R0=000231 
001032: movb    (r0),r0                 [000231]=061 
001034: tstb    @#177564                [177564]=200 
001040: bpl     001034                  
001042: movb    r0,@#177566             R0=061 [177566] 1
001046: add     #000004,r3              [001050]=000004 R3=177770 
001052: sob     r2,001016               
001016: mov     r1,r0                   R1=011064 
001020: ash     r3,r0                   R3=177770 
001022: bic     #177760,r0              [001024]=177760 R0=000002 
001026: add     #000230,r0              [001030]=000230 R0=000232 
001032: movb    (r0),r0                 [000232]=062 
001034: tstb    @#177564                [177564]=200 
001040: bpl     001034                  
001042: movb    r0,@#177566             R0=062 [177566] 2
001046: add     #000004,r3              [001050]=000004 R3=177774 
001052: sob     r2,001016               
001016: mov     r1,r0                   R1=011064 
001020: ash     r3,r0                   R3=177774 
001022: bic     #177760,r0              [001024]=177760 R0=000003 
001026: add     #000230,r0              [001030]=000230 R0=000233 
001032: movb    (r0),r0                 [000233]=063 
001034: tstb    @#177564                [177564]=200 
001040: bpl     001034                  
001042: movb    r0,@#177566             R0=063 [177566] 3
001046: add     #000004,r3              [001050]=000004 R3=000000 
001052: sob     r2,001016               
001016: mov     r1,r0                   R1=011064 
001020: ash     r3,r0                   R3=000000 
001022: bic     #177760,r0              [001024]=177760 R0=000004 
001026: add     #000230,r0              [001030]=000230 R0=000234 
001032: movb    (r0),r0                 [000234]=064 
001034: tstb    @#177564                [177564]=200 
001040: bpl     001034                  
001042: movb    r0,@#177566             R0=064 [177566] 4
001046: add     #000004,r3              [001050]=000004 R3=000004 
001052: sob     r2,001016               
001054: halt                            

---------------- halted ---------------
r0=000064 r2=000000 r4=000000 sp=000000
r1=011064 r3=000004 r5=000000 pc=001056
psw=000000: cm=k pm=k pri=0        [45]
