
---------------- running --------------
001000: mov     #001000,sp              [001002]=001000 
001004: mov     #000200,r1              [001006]=000200 
001010: jsr     pc,001016               
001016: movb    (r1)+,r0                [000200]=110 
001020: beq     001030                  
001022: jsr     pc,001032               
001032: tstb    @#177564                [177564]=200 
001036: bpl     001032                  
001040: movb    r0,@#177566             R0=110 [177566] 
001044: rts     pc                      
001026: br      001016                  
001016: movb    (r1)+,r0                [000201]=145 
001020: beq     001030                  
001022: jsr     pc,001032               
001032: tstb    @#177564                [177564]=200 
001036: bpl     001032                  
001040: movb    r0,@#177566             R0=145 [177566] 
001044: rts     pc                      
001026: br      001016                  
001016: movb    (r1)+,r0                [000202]=154 
001020: beq     001030                  
001022: jsr     pc,001032               
001032: tstb    @#177564                [177564]=200 
001036: bpl     001032                  
001040: movb    r0,@#177566             R0=154 [177566] 
001044: rts     pc                      
001026: br      001016                  
001016: movb    (r1)+,r0                [000203]=154 
001020: beq     001030                  
001022: jsr     pc,001032               
001032: tstb    @#177564                [177564]=200 
001036: bpl     001032                  
001040: movb    r0,@#177566             R0=154 [177566] 
001044: rts     pc                      
001026: br      001016                  
001016: movb    (r1)+,r0                [000204]=157 
001020: beq     001030                  
001022: jsr     pc,001032               
001032: tstb    @#177564                [177564]=200 
001036: bpl     001032                  
001040: movb    r0,@#177566             R0=157 [177566] 
001044: rts     pc                      
001026: br      001016                  
001016: movb    (r1)+,r0                [000205]=054 
001020: beq     001030                  
001022: jsr     pc,001032               
001032: tstb    @#177564                [177564]=200 
001036: bpl     001032                  
001040: movb    r0,@#177566             R0=054 [177566] 
001044: rts     pc                      
001026: br      001016                  
001016: movb    (r1)+,r0                [000206]=040 
001020: beq     001030                  
001022: jsr     pc,001032               
001032: tstb    @#177564                [177564]=200 
001036: bpl     001032                  
001040: movb    r0,@#177566             R0=040 [177566] 
001044: rts     pc                      
001026: br      001016                  
001016: movb    (r1)+,r0                [000207]=167 
001020: beq     001030                  
001022: jsr     pc,001032               
001032: tstb    @#177564                [177564]=200 
001036: bpl     001032                  
001040: movb    r0,@#177566             R0=167 [177566] 
001044: rts     pc                      
001026: br      001016                  
001016: movb    (r1)+,r0                [000210]=157 
001020: beq     001030                  
001022: jsr     pc,001032               
001032: tstb    @#177564                [177564]=200 
001036: bpl     001032                  
001040: movb    r0,@#177566             R0=157 [177566] 
001044: rts     pc                      
001026: br      001016                  
001016: movb    (r1)+,r0                [000211]=162 
001020: beq     001030                  
001022: jsr     pc,001032               
001032: tstb    @#177564                [177564]=200 
001036: bpl     001032                  
001040: movb    r0,@#177566             R0=162 [177566] 
001044: rts     pc                      
001026: br      001016                  
001016: movb    (r1)+,r0                [000212]=154 
001020: beq     001030                  
001022: jsr     pc,001032               
001032: tstb    @#177564                [177564]=200 
001036: bpl     001032                  
001040: movb    r0,@#177566             R0=154 [177566] 
001044: rts     pc                      
001026: br      001016                  
001016: movb    (r1)+,r0                [000213]=144 
001020: beq     001030                  
001022: jsr     pc,001032               
001032: tstb    @#177564                [177564]=200 
001036: bpl     001032                  
001040: movb    r0,@#177566             R0=144 [177566] 
001044: rts     pc                      
001026: br      001016                  
001016: movb    (r1)+,r0                [000214]=041 
001020: beq     001030                  
001022: jsr     pc,001032               
001032: tstb    @#177564                [177564]=200 
001036: bpl     001032                  
001040: movb    r0,@#177566             R0=041 [177566] 
001044: rts     pc                      
001026: br      001016                  
001016: movb    (r1)+,r0                [000215]=000 
001020: beq     001030                  
001030: rts     pc                      
001014: halt                            

---------------- halted ---------------
r0=000000 r2=000000 r4=000000 sp=001000
r1=000216 r3=000000 r5=000000 pc=001016
psw=000004: cm=k pm=k pri=0    z   [111]
