      2 [main] pdp11 11944 find_fast_cwd: WARNING: Couldn't compute FAST_CWD pointer.  Please report this problem to
the public mailing list cygwin@cygwin.com

---------------- running --------------
001000: mov     #001000,sp              [001002]=001000 
001004: mov     #000200,r5              [001006]=000200 
001010: mov     (r5)+,r0                [000200]=123456 
001012: beq     001156                  
001014: mov     r1,-(sp)                R1=000000 [000776] 
001016: mov     r2,-(sp)                R2=000000 [000774] 
001020: mov     r0,r1                   R0=123456 
001022: mov     #000005,r2              [001024]=000005 
001026: movb    #000060,r0              [001030]=060 
001032: tst     r1                      R1=123456 
001034: bpl     001040                  
001036: inc     r0                      R0=000061 
001040: tstb    @#177564                [177564]=200 
001044: bpl     001040                  
001046: movb    r0,@#177566             R0=061 [177566] 1
001052: mov     r1,r0                   R1=123456 
001054: rol     r0                      R0=047134 
001056: rol     r0                      R0=116271 
001060: rol     r0                      R0=034562 
001062: rol     r0                      R0=071345 
001064: rol     r0                      R0=162712 
001066: bic     #177770,r0              [001070]=177770 R0=000002 
001072: add     #000060,r0              [001074]=000060 R0=000062 
001076: tstb    @#177564                [177564]=200 
001102: bpl     001076                  
001104: movb    r0,@#177566             R0=062 [177566] 2
001110: asl     r1                      R1=047134 
001112: asl     r1                      R1=116270 
001114: asl     r1                      R1=034560 
001116: sob     r2,001052               
001052: mov     r1,r0                   R1=034560 
001054: rol     r0                      R0=071341 
001056: rol     r0                      R0=162702 
001060: rol     r0                      R0=145604 
001062: rol     r0                      R0=113411 
001064: rol     r0                      R0=027023 
001066: bic     #177770,r0              [001070]=177770 R0=000003 
001072: add     #000060,r0              [001074]=000060 R0=000063 
001076: tstb    @#177564                [177564]=200 
001102: bpl     001076                  
001104: movb    r0,@#177566             R0=063 [177566] 3
001110: asl     r1                      R1=071340 
001112: asl     r1                      R1=162700 
001114: asl     r1                      R1=145600 
001116: sob     r2,001052               
001052: mov     r1,r0                   R1=145600 
001054: rol     r0                      R0=113401 
001056: rol     r0                      R0=027003 
001060: rol     r0                      R0=056007 
001062: rol     r0                      R0=134016 
001064: rol     r0                      R0=070034 
001066: bic     #177770,r0              [001070]=177770 R0=000004 
001072: add     #000060,r0              [001074]=000060 R0=000064 
001076: tstb    @#177564                [177564]=200 
001102: bpl     001076                  
001104: movb    r0,@#177566             R0=064 [177566] 4
001110: asl     r1                      R1=113400 
001112: asl     r1                      R1=027000 
001114: asl     r1                      R1=056000 
001116: sob     r2,001052               
001052: mov     r1,r0                   R1=056000 
001054: rol     r0                      R0=134000 
001056: rol     r0                      R0=070000 
001060: rol     r0                      R0=160001 
001062: rol     r0                      R0=140002 
001064: rol     r0                      R0=100005 
001066: bic     #177770,r0              [001070]=177770 R0=000005 
001072: add     #000060,r0              [001074]=000060 R0=000065 
001076: tstb    @#177564                [177564]=200 
001102: bpl     001076                  
001104: movb    r0,@#177566             R0=065 [177566] 5
001110: asl     r1                      R1=134000 
001112: asl     r1                      R1=070000 
001114: asl     r1                      R1=160000 
001116: sob     r2,001052               
001052: mov     r1,r0                   R1=160000 
001054: rol     r0                      R0=140000 
001056: rol     r0                      R0=100001 
001060: rol     r0                      R0=000003 
001062: rol     r0                      R0=000007 
001064: rol     r0                      R0=000016 
001066: bic     #177770,r0              [001070]=177770 R0=000006 
001072: add     #000060,r0              [001074]=000060 R0=000066 
001076: tstb    @#177564                [177564]=200 
001102: bpl     001076                  
001104: movb    r0,@#177566             R0=066 [177566] 6
001110: asl     r1                      R1=140000 
001112: asl     r1                      R1=100000 
001114: asl     r1                      R1=000000 
001116: sob     r2,001052               
001120: mov     #000012,r0              [001122]=000012 
001124: tstb    @#177564                [177564]=200 
001130: bpl     001124                  
001132: movb    r0,@#177566             R0=012 [177566] 

001136: mov     #000015,r0              [001140]=000015 
001142: tstb    @#177564                [177564]=200 
001146: bpl     001142                  
001150: movb    r0,@#177566             R0=015 [177566] 
001154: br      001010                  
001010: mov     (r5)+,r0                [000202]=165432 
001012: beq     001156                  
001014: mov     r1,-(sp)                R1=000000 [000772] 
001016: mov     r2,-(sp)                R2=000000 [000770] 
001020: mov     r0,r1                   R0=165432 
001022: mov     #000005,r2              [001024]=000005 
001026: movb    #000060,r0              [001030]=060 
001032: tst     r1                      R1=165432 
001034: bpl     001040                  
001036: inc     r0                      R0=000061 
001040: tstb    @#177564                [177564]=200 
001044: bpl     001040                  
001046: movb    r0,@#177566             R0=061 [177566] 1
001052: mov     r1,r0                   R1=165432 
001054: rol     r0                      R0=153064 
001056: rol     r0                      R0=126151 
001060: rol     r0                      R0=054323 
001062: rol     r0                      R0=130647 
001064: rol     r0                      R0=061516 
001066: bic     #177770,r0              [001070]=177770 R0=000006 
001072: add     #000060,r0              [001074]=000060 R0=000066 
001076: tstb    @#177564                [177564]=200 
001102: bpl     001076                  
001104: movb    r0,@#177566             R0=066 [177566] 6
001110: asl     r1                      R1=153064 
001112: asl     r1                      R1=126150 
001114: asl     r1                      R1=054320 
001116: sob     r2,001052               
001052: mov     r1,r0                   R1=054320 
001054: rol     r0                      R0=130641 
001056: rol     r0                      R0=061502 
001060: rol     r0                      R0=143205 
001062: rol     r0                      R0=106412 
001064: rol     r0                      R0=015025 
001066: bic     #177770,r0              [001070]=177770 R0=000005 
001072: add     #000060,r0              [001074]=000060 R0=000065 
001076: tstb    @#177564                [177564]=200 
001102: bpl     001076                  
001104: movb    r0,@#177566             R0=065 [177566] 5
001110: asl     r1                      R1=130640 
001112: asl     r1                      R1=061500 
001114: asl     r1                      R1=143200 
001116: sob     r2,001052               
001052: mov     r1,r0                   R1=143200 
001054: rol     r0                      R0=106400 
001056: rol     r0                      R0=015001 
001060: rol     r0                      R0=032003 
001062: rol     r0                      R0=064006 
001064: rol     r0                      R0=150014 
001066: bic     #177770,r0              [001070]=177770 R0=000004 
001072: add     #000060,r0              [001074]=000060 R0=000064 
001076: tstb    @#177564                [177564]=200 
001102: bpl     001076                  
001104: movb    r0,@#177566             R0=064 [177566] 4
001110: asl     r1                      R1=106400 
001112: asl     r1                      R1=015000 
001114: asl     r1                      R1=032000 
001116: sob     r2,001052               
001052: mov     r1,r0                   R1=032000 
001054: rol     r0                      R0=064000 
001056: rol     r0                      R0=150000 
001060: rol     r0                      R0=120000 
001062: rol     r0                      R0=040001 
001064: rol     r0                      R0=100003 
001066: bic     #177770,r0              [001070]=177770 R0=000003 
001072: add     #000060,r0              [001074]=000060 R0=000063 
001076: tstb    @#177564                [177564]=200 
001102: bpl     001076                  
001104: movb    r0,@#177566             R0=063 [177566] 3
001110: asl     r1                      R1=064000 
001112: asl     r1                      R1=150000 
001114: asl     r1                      R1=120000 
001116: sob     r2,001052               
001052: mov     r1,r0                   R1=120000 
001054: rol     r0                      R0=040001 
001056: rol     r0                      R0=100003 
001060: rol     r0                      R0=000006 
001062: rol     r0                      R0=000015 
001064: rol     r0                      R0=000032 
001066: bic     #177770,r0              [001070]=177770 R0=000002 
001072: add     #000060,r0              [001074]=000060 R0=000062 
001076: tstb    @#177564                [177564]=200 
001102: bpl     001076                  
001104: movb    r0,@#177566             R0=062 [177566] 2
001110: asl     r1                      R1=040000 
001112: asl     r1                      R1=100000 
001114: asl     r1                      R1=000000 
001116: sob     r2,001052               
001120: mov     #000012,r0              [001122]=000012 
001124: tstb    @#177564                [177564]=200 
001130: bpl     001124                  
001132: movb    r0,@#177566             R0=012 [177566] 

001136: mov     #000015,r0              [001140]=000015 
001142: tstb    @#177564                [177564]=200 
001146: bpl     001142                  
001150: movb    r0,@#177566             R0=015 [177566] 
001154: br      001010                  
001010: mov     (r5)+,r0                [000204]=000001 
001012: beq     001156                  
001014: mov     r1,-(sp)                R1=000000 [000766] 
001016: mov     r2,-(sp)                R2=000000 [000764] 
001020: mov     r0,r1                   R0=000001 
001022: mov     #000005,r2              [001024]=000005 
001026: movb    #000060,r0              [001030]=060 
001032: tst     r1                      R1=000001 
001034: bpl     001040                  
001040: tstb    @#177564                [177564]=200 
001044: bpl     001040                  
001046: movb    r0,@#177566             R0=060 [177566] 0
001052: mov     r1,r0                   R1=000001 
001054: rol     r0                      R0=000002 
001056: rol     r0                      R0=000004 
001060: rol     r0                      R0=000010 
001062: rol     r0                      R0=000020 
001064: rol     r0                      R0=000040 
001066: bic     #177770,r0              [001070]=177770 R0=000000 
001072: add     #000060,r0              [001074]=000060 R0=000060 
001076: tstb    @#177564                [177564]=200 
001102: bpl     001076                  
001104: movb    r0,@#177566             R0=060 [177566] 0
001110: asl     r1                      R1=000002 
001112: asl     r1                      R1=000004 
001114: asl     r1                      R1=000010 
001116: sob     r2,001052               
001052: mov     r1,r0                   R1=000010 
001054: rol     r0                      R0=000020 
001056: rol     r0                      R0=000040 
001060: rol     r0                      R0=000100 
001062: rol     r0                      R0=000200 
001064: rol     r0                      R0=000400 
001066: bic     #177770,r0              [001070]=177770 R0=000000 
001072: add     #000060,r0              [001074]=000060 R0=000060 
001076: tstb    @#177564                [177564]=200 
001102: bpl     001076                  
001104: movb    r0,@#177566             R0=060 [177566] 0
001110: asl     r1                      R1=000020 
001112: asl     r1                      R1=000040 
001114: asl     r1                      R1=000100 
001116: sob     r2,001052               
001052: mov     r1,r0                   R1=000100 
001054: rol     r0                      R0=000200 
001056: rol     r0                      R0=000400 
001060: rol     r0                      R0=001000 
001062: rol     r0                      R0=002000 
001064: rol     r0                      R0=004000 
001066: bic     #177770,r0              [001070]=177770 R0=000000 
001072: add     #000060,r0              [001074]=000060 R0=000060 
001076: tstb    @#177564                [177564]=200 
001102: bpl     001076                  
001104: movb    r0,@#177566             R0=060 [177566] 0
001110: asl     r1                      R1=000200 
001112: asl     r1                      R1=000400 
001114: asl     r1                      R1=001000 
001116: sob     r2,001052               
001052: mov     r1,r0                   R1=001000 
001054: rol     r0                      R0=002000 
001056: rol     r0                      R0=004000 
001060: rol     r0                      R0=010000 
001062: rol     r0                      R0=020000 
001064: rol     r0                      R0=040000 
001066: bic     #177770,r0              [001070]=177770 R0=000000 
001072: add     #000060,r0              [001074]=000060 R0=000060 
001076: tstb    @#177564                [177564]=200 
001102: bpl     001076                  
001104: movb    r0,@#177566             R0=060 [177566] 0
001110: asl     r1                      R1=002000 
001112: asl     r1                      R1=004000 
001114: asl     r1                      R1=010000 
001116: sob     r2,001052               
001052: mov     r1,r0                   R1=010000 
001054: rol     r0                      R0=020000 
001056: rol     r0                      R0=040000 
001060: rol     r0                      R0=100000 
001062: rol     r0                      R0=000000 
001064: rol     r0                      R0=000001 
001066: bic     #177770,r0              [001070]=177770 R0=000001 
001072: add     #000060,r0              [001074]=000060 R0=000061 
001076: tstb    @#177564                [177564]=200 
001102: bpl     001076                  
001104: movb    r0,@#177566             R0=061 [177566] 1
001110: asl     r1                      R1=020000 
001112: asl     r1                      R1=040000 
001114: asl     r1                      R1=100000 
001116: sob     r2,001052               
001120: mov     #000012,r0              [001122]=000012 
001124: tstb    @#177564                [177564]=200 
001130: bpl     001124                  
001132: movb    r0,@#177566             R0=012 [177566] 

001136: mov     #000015,r0              [001140]=000015 
001142: tstb    @#177564                [177564]=200 
001146: bpl     001142                  
001150: movb    r0,@#177566             R0=015 [177566] 
001154: br      001010                  
001010: mov     (r5)+,r0                [000206]=000002 
001012: beq     001156                  
001014: mov     r1,-(sp)                R1=100000 [000762] 
001016: mov     r2,-(sp)                R2=000000 [000760] 
001020: mov     r0,r1                   R0=000002 
001022: mov     #000005,r2              [001024]=000005 
001026: movb    #000060,r0              [001030]=060 
001032: tst     r1                      R1=000002 
001034: bpl     001040                  
001040: tstb    @#177564                [177564]=200 
001044: bpl     001040                  
001046: movb    r0,@#177566             R0=060 [177566] 0
001052: mov     r1,r0                   R1=000002 
001054: rol     r0                      R0=000004 
001056: rol     r0                      R0=000010 
001060: rol     r0                      R0=000020 
001062: rol     r0                      R0=000040 
001064: rol     r0                      R0=000100 
001066: bic     #177770,r0              [001070]=177770 R0=000000 
001072: add     #000060,r0              [001074]=000060 R0=000060 
001076: tstb    @#177564                [177564]=200 
001102: bpl     001076                  
001104: movb    r0,@#177566             R0=060 [177566] 0
001110: asl     r1                      R1=000004 
001112: asl     r1                      R1=000010 
001114: asl     r1                      R1=000020 
001116: sob     r2,001052               
001052: mov     r1,r0                   R1=000020 
001054: rol     r0                      R0=000040 
001056: rol     r0                      R0=000100 
001060: rol     r0                      R0=000200 
001062: rol     r0                      R0=000400 
001064: rol     r0                      R0=001000 
001066: bic     #177770,r0              [001070]=177770 R0=000000 
001072: add     #000060,r0              [001074]=000060 R0=000060 
001076: tstb    @#177564                [177564]=200 
001102: bpl     001076                  
001104: movb    r0,@#177566             R0=060 [177566] 0
001110: asl     r1                      R1=000040 
001112: asl     r1                      R1=000100 
001114: asl     r1                      R1=000200 
001116: sob     r2,001052               
001052: mov     r1,r0                   R1=000200 
001054: rol     r0                      R0=000400 
001056: rol     r0                      R0=001000 
001060: rol     r0                      R0=002000 
001062: rol     r0                      R0=004000 
001064: rol     r0                      R0=010000 
001066: bic     #177770,r0              [001070]=177770 R0=000000 
001072: add     #000060,r0              [001074]=000060 R0=000060 
001076: tstb    @#177564                [177564]=200 
001102: bpl     001076                  
001104: movb    r0,@#177566             R0=060 [177566] 0
001110: asl     r1                      R1=000400 
001112: asl     r1                      R1=001000 
001114: asl     r1                      R1=002000 
001116: sob     r2,001052               
001052: mov     r1,r0                   R1=002000 
001054: rol     r0                      R0=004000 
001056: rol     r0                      R0=010000 
001060: rol     r0                      R0=020000 
001062: rol     r0                      R0=040000 
001064: rol     r0                      R0=100000 
001066: bic     #177770,r0              [001070]=177770 R0=000000 
001072: add     #000060,r0              [001074]=000060 R0=000060 
001076: tstb    @#177564                [177564]=200 
001102: bpl     001076                  
001104: movb    r0,@#177566             R0=060 [177566] 0
001110: asl     r1                      R1=004000 
001112: asl     r1                      R1=010000 
001114: asl     r1                      R1=020000 
001116: sob     r2,001052               
001052: mov     r1,r0                   R1=020000 
001054: rol     r0                      R0=040000 
001056: rol     r0                      R0=100000 
001060: rol     r0                      R0=000000 
001062: rol     r0                      R0=000001 
001064: rol     r0                      R0=000002 
001066: bic     #177770,r0              [001070]=177770 R0=000002 
001072: add     #000060,r0              [001074]=000060 R0=000062 
001076: tstb    @#177564                [177564]=200 
001102: bpl     001076                  
001104: movb    r0,@#177566             R0=062 [177566] 2
001110: asl     r1                      R1=040000 
001112: asl     r1                      R1=100000 
001114: asl     r1                      R1=000000 
001116: sob     r2,001052               
001120: mov     #000012,r0              [001122]=000012 
001124: tstb    @#177564                [177564]=200 
001130: bpl     001124                  
001132: movb    r0,@#177566             R0=012 [177566] 

001136: mov     #000015,r0              [001140]=000015 
001142: tstb    @#177564                [177564]=200 
001146: bpl     001142                  
001150: movb    r0,@#177566             R0=015 [177566] 
001154: br      001010                  
001010: mov     (r5)+,r0                [000210]=000003 
001012: beq     001156                  
001014: mov     r1,-(sp)                R1=000000 [000756] 
001016: mov     r2,-(sp)                R2=000000 [000754] 
001020: mov     r0,r1                   R0=000003 
001022: mov     #000005,r2              [001024]=000005 
001026: movb    #000060,r0              [001030]=060 
001032: tst     r1                      R1=000003 
001034: bpl     001040                  
001040: tstb    @#177564                [177564]=200 
001044: bpl     001040                  
001046: movb    r0,@#177566             R0=060 [177566] 0
001052: mov     r1,r0                   R1=000003 
001054: rol     r0                      R0=000006 
001056: rol     r0                      R0=000014 
001060: rol     r0                      R0=000030 
001062: rol     r0                      R0=000060 
001064: rol     r0                      R0=000140 
001066: bic     #177770,r0              [001070]=177770 R0=000000 
001072: add     #000060,r0              [001074]=000060 R0=000060 
001076: tstb    @#177564                [177564]=200 
001102: bpl     001076                  
001104: movb    r0,@#177566             R0=060 [177566] 0
001110: asl     r1                      R1=000006 
001112: asl     r1                      R1=000014 
001114: asl     r1                      R1=000030 
001116: sob     r2,001052               
001052: mov     r1,r0                   R1=000030 
001054: rol     r0                      R0=000060 
001056: rol     r0                      R0=000140 
001060: rol     r0                      R0=000300 
001062: rol     r0                      R0=000600 
001064: rol     r0                      R0=001400 
001066: bic     #177770,r0              [001070]=177770 R0=000000 
001072: add     #000060,r0              [001074]=000060 R0=000060 
001076: tstb    @#177564                [177564]=200 
001102: bpl     001076                  
001104: movb    r0,@#177566             R0=060 [177566] 0
001110: asl     r1                      R1=000060 
001112: asl     r1                      R1=000140 
001114: asl     r1                      R1=000300 
001116: sob     r2,001052               
001052: mov     r1,r0                   R1=000300 
001054: rol     r0                      R0=000600 
001056: rol     r0                      R0=001400 
001060: rol     r0                      R0=003000 
001062: rol     r0                      R0=006000 
001064: rol     r0                      R0=014000 
001066: bic     #177770,r0              [001070]=177770 R0=000000 
001072: add     #000060,r0              [001074]=000060 R0=000060 
001076: tstb    @#177564                [177564]=200 
001102: bpl     001076                  
001104: movb    r0,@#177566             R0=060 [177566] 0
001110: asl     r1                      R1=000600 
001112: asl     r1                      R1=001400 
001114: asl     r1                      R1=003000 
001116: sob     r2,001052               
001052: mov     r1,r0                   R1=003000 
001054: rol     r0                      R0=006000 
001056: rol     r0                      R0=014000 
001060: rol     r0                      R0=030000 
001062: rol     r0                      R0=060000 
001064: rol     r0                      R0=140000 
001066: bic     #177770,r0              [001070]=177770 R0=000000 
001072: add     #000060,r0              [001074]=000060 R0=000060 
001076: tstb    @#177564                [177564]=200 
001102: bpl     001076                  
001104: movb    r0,@#177566             R0=060 [177566] 0
001110: asl     r1                      R1=006000 
001112: asl     r1                      R1=014000 
001114: asl     r1                      R1=030000 
001116: sob     r2,001052               
001052: mov     r1,r0                   R1=030000 
001054: rol     r0                      R0=060000 
001056: rol     r0                      R0=140000 
001060: rol     r0                      R0=100000 
001062: rol     r0                      R0=000001 
001064: rol     r0                      R0=000003 
001066: bic     #177770,r0              [001070]=177770 R0=000003 
001072: add     #000060,r0              [001074]=000060 R0=000063 
001076: tstb    @#177564                [177564]=200 
001102: bpl     001076                  
001104: movb    r0,@#177566             R0=063 [177566] 3
001110: asl     r1                      R1=060000 
001112: asl     r1                      R1=140000 
001114: asl     r1                      R1=100000 
001116: sob     r2,001052               
001120: mov     #000012,r0              [001122]=000012 
001124: tstb    @#177564                [177564]=200 
001130: bpl     001124                  
001132: movb    r0,@#177566             R0=012 [177566] 

001136: mov     #000015,r0              [001140]=000015 
001142: tstb    @#177564                [177564]=200 
001146: bpl     001142                  
001150: movb    r0,@#177566             R0=015 [177566] 
001154: br      001010                  
001010: mov     (r5)+,r0                [000212]=000004 
001012: beq     001156                  
001014: mov     r1,-(sp)                R1=100000 [000752] 
001016: mov     r2,-(sp)                R2=000000 [000750] 
001020: mov     r0,r1                   R0=000004 
001022: mov     #000005,r2              [001024]=000005 
001026: movb    #000060,r0              [001030]=060 
001032: tst     r1                      R1=000004 
001034: bpl     001040                  
001040: tstb    @#177564                [177564]=200 
001044: bpl     001040                  
001046: movb    r0,@#177566             R0=060 [177566] 0
001052: mov     r1,r0                   R1=000004 
001054: rol     r0                      R0=000010 
001056: rol     r0                      R0=000020 
001060: rol     r0                      R0=000040 
001062: rol     r0                      R0=000100 
001064: rol     r0                      R0=000200 
001066: bic     #177770,r0              [001070]=177770 R0=000000 
001072: add     #000060,r0              [001074]=000060 R0=000060 
001076: tstb    @#177564                [177564]=200 
001102: bpl     001076                  
001104: movb    r0,@#177566             R0=060 [177566] 0
001110: asl     r1                      R1=000010 
001112: asl     r1                      R1=000020 
001114: asl     r1                      R1=000040 
001116: sob     r2,001052               
001052: mov     r1,r0                   R1=000040 
001054: rol     r0                      R0=000100 
001056: rol     r0                      R0=000200 
001060: rol     r0                      R0=000400 
001062: rol     r0                      R0=001000 
001064: rol     r0                      R0=002000 
001066: bic     #177770,r0              [001070]=177770 R0=000000 
001072: add     #000060,r0              [001074]=000060 R0=000060 
001076: tstb    @#177564                [177564]=200 
001102: bpl     001076                  
001104: movb    r0,@#177566             R0=060 [177566] 0
001110: asl     r1                      R1=000100 
001112: asl     r1                      R1=000200 
001114: asl     r1                      R1=000400 
001116: sob     r2,001052               
001052: mov     r1,r0                   R1=000400 
001054: rol     r0                      R0=001000 
001056: rol     r0                      R0=002000 
001060: rol     r0                      R0=004000 
001062: rol     r0                      R0=010000 
001064: rol     r0                      R0=020000 
001066: bic     #177770,r0              [001070]=177770 R0=000000 
001072: add     #000060,r0              [001074]=000060 R0=000060 
001076: tstb    @#177564                [177564]=200 
001102: bpl     001076                  
001104: movb    r0,@#177566             R0=060 [177566] 0
001110: asl     r1                      R1=001000 
001112: asl     r1                      R1=002000 
001114: asl     r1                      R1=004000 
001116: sob     r2,001052               
001052: mov     r1,r0                   R1=004000 
001054: rol     r0                      R0=010000 
001056: rol     r0                      R0=020000 
001060: rol     r0                      R0=040000 
001062: rol     r0                      R0=100000 
001064: rol     r0                      R0=000000 
001066: bic     #177770,r0              [001070]=177770 R0=000000 
001072: add     #000060,r0              [001074]=000060 R0=000060 
001076: tstb    @#177564                [177564]=200 
001102: bpl     001076                  
001104: movb    r0,@#177566             R0=060 [177566] 0
001110: asl     r1                      R1=010000 
001112: asl     r1                      R1=020000 
001114: asl     r1                      R1=040000 
001116: sob     r2,001052               
001052: mov     r1,r0                   R1=040000 
001054: rol     r0                      R0=100000 
001056: rol     r0                      R0=000000 
001060: rol     r0                      R0=000001 
001062: rol     r0                      R0=000002 
001064: rol     r0                      R0=000004 
001066: bic     #177770,r0              [001070]=177770 R0=000004 
001072: add     #000060,r0              [001074]=000060 R0=000064 
001076: tstb    @#177564                [177564]=200 
001102: bpl     001076                  
001104: movb    r0,@#177566             R0=064 [177566] 4
001110: asl     r1                      R1=100000 
001112: asl     r1                      R1=000000 
001114: asl     r1                      R1=000000 
001116: sob     r2,001052               
001120: mov     #000012,r0              [001122]=000012 
001124: tstb    @#177564                [177564]=200 
001130: bpl     001124                  
001132: movb    r0,@#177566             R0=012 [177566] 

001136: mov     #000015,r0              [001140]=000015 
001142: tstb    @#177564                [177564]=200 
001146: bpl     001142                  
001150: movb    r0,@#177566             R0=015 [177566] 
001154: br      001010                  
001010: mov     (r5)+,r0                [000214]=000005 
001012: beq     001156                  
001014: mov     r1,-(sp)                R1=000000 [000746] 
001016: mov     r2,-(sp)                R2=000000 [000744] 
001020: mov     r0,r1                   R0=000005 
001022: mov     #000005,r2              [001024]=000005 
001026: movb    #000060,r0              [001030]=060 
001032: tst     r1                      R1=000005 
001034: bpl     001040                  
001040: tstb    @#177564                [177564]=200 
001044: bpl     001040                  
001046: movb    r0,@#177566             R0=060 [177566] 0
001052: mov     r1,r0                   R1=000005 
001054: rol     r0                      R0=000012 
001056: rol     r0                      R0=000024 
001060: rol     r0                      R0=000050 
001062: rol     r0                      R0=000120 
001064: rol     r0                      R0=000240 
001066: bic     #177770,r0              [001070]=177770 R0=000000 
001072: add     #000060,r0              [001074]=000060 R0=000060 
001076: tstb    @#177564                [177564]=200 
001102: bpl     001076                  
001104: movb    r0,@#177566             R0=060 [177566] 0
001110: asl     r1                      R1=000012 
001112: asl     r1                      R1=000024 
001114: asl     r1                      R1=000050 
001116: sob     r2,001052               
001052: mov     r1,r0                   R1=000050 
001054: rol     r0                      R0=000120 
001056: rol     r0                      R0=000240 
001060: rol     r0                      R0=000500 
001062: rol     r0                      R0=001200 
001064: rol     r0                      R0=002400 
001066: bic     #177770,r0              [001070]=177770 R0=000000 
001072: add     #000060,r0              [001074]=000060 R0=000060 
001076: tstb    @#177564                [177564]=200 
001102: bpl     001076                  
001104: movb    r0,@#177566             R0=060 [177566] 0
001110: asl     r1                      R1=000120 
001112: asl     r1                      R1=000240 
001114: asl     r1                      R1=000500 
001116: sob     r2,001052               
001052: mov     r1,r0                   R1=000500 
001054: rol     r0                      R0=001200 
001056: rol     r0                      R0=002400 
001060: rol     r0                      R0=005000 
001062: rol     r0                      R0=012000 
001064: rol     r0                      R0=024000 
001066: bic     #177770,r0              [001070]=177770 R0=000000 
001072: add     #000060,r0              [001074]=000060 R0=000060 
001076: tstb    @#177564                [177564]=200 
001102: bpl     001076                  
001104: movb    r0,@#177566             R0=060 [177566] 0
001110: asl     r1                      R1=001200 
001112: asl     r1                      R1=002400 
001114: asl     r1                      R1=005000 
001116: sob     r2,001052               
001052: mov     r1,r0                   R1=005000 
001054: rol     r0                      R0=012000 
001056: rol     r0                      R0=024000 
001060: rol     r0                      R0=050000 
001062: rol     r0                      R0=120000 
001064: rol     r0                      R0=040000 
001066: bic     #177770,r0              [001070]=177770 R0=000000 
001072: add     #000060,r0              [001074]=000060 R0=000060 
001076: tstb    @#177564                [177564]=200 
001102: bpl     001076                  
001104: movb    r0,@#177566             R0=060 [177566] 0
001110: asl     r1                      R1=012000 
001112: asl     r1                      R1=024000 
001114: asl     r1                      R1=050000 
001116: sob     r2,001052               
001052: mov     r1,r0                   R1=050000 
001054: rol     r0                      R0=120000 
001056: rol     r0                      R0=040000 
001060: rol     r0                      R0=100001 
001062: rol     r0                      R0=000002 
001064: rol     r0                      R0=000005 
001066: bic     #177770,r0              [001070]=177770 R0=000005 
001072: add     #000060,r0              [001074]=000060 R0=000065 
001076: tstb    @#177564                [177564]=200 
001102: bpl     001076                  
001104: movb    r0,@#177566             R0=065 [177566] 5
001110: asl     r1                      R1=120000 
001112: asl     r1                      R1=040000 
001114: asl     r1                      R1=100000 
001116: sob     r2,001052               
001120: mov     #000012,r0              [001122]=000012 
001124: tstb    @#177564                [177564]=200 
001130: bpl     001124                  
001132: movb    r0,@#177566             R0=012 [177566] 

001136: mov     #000015,r0              [001140]=000015 
001142: tstb    @#177564                [177564]=200 
001146: bpl     001142                  
001150: movb    r0,@#177566             R0=015 [177566] 
001154: br      001010                  
001010: mov     (r5)+,r0                [000216]=177777 
001012: beq     001156                  
001014: mov     r1,-(sp)                R1=100000 [000742] 
001016: mov     r2,-(sp)                R2=000000 [000740] 
001020: mov     r0,r1                   R0=177777 
001022: mov     #000005,r2              [001024]=000005 
001026: movb    #000060,r0              [001030]=060 
001032: tst     r1                      R1=177777 
001034: bpl     001040                  
001036: inc     r0                      R0=000061 
001040: tstb    @#177564                [177564]=200 
001044: bpl     001040                  
001046: movb    r0,@#177566             R0=061 [177566] 1
001052: mov     r1,r0                   R1=177777 
001054: rol     r0                      R0=177776 
001056: rol     r0                      R0=177775 
001060: rol     r0                      R0=177773 
001062: rol     r0                      R0=177767 
001064: rol     r0                      R0=177757 
001066: bic     #177770,r0              [001070]=177770 R0=000007 
001072: add     #000060,r0              [001074]=000060 R0=000067 
001076: tstb    @#177564                [177564]=200 
001102: bpl     001076                  
001104: movb    r0,@#177566             R0=067 [177566] 7
001110: asl     r1                      R1=177776 
001112: asl     r1                      R1=177774 
001114: asl     r1                      R1=177770 
001116: sob     r2,001052               
001052: mov     r1,r0                   R1=177770 
001054: rol     r0                      R0=177761 
001056: rol     r0                      R0=177743 
001060: rol     r0                      R0=177707 
001062: rol     r0                      R0=177617 
001064: rol     r0                      R0=177437 
001066: bic     #177770,r0              [001070]=177770 R0=000007 
001072: add     #000060,r0              [001074]=000060 R0=000067 
001076: tstb    @#177564                [177564]=200 
001102: bpl     001076                  
001104: movb    r0,@#177566             R0=067 [177566] 7
001110: asl     r1                      R1=177760 
001112: asl     r1                      R1=177740 
001114: asl     r1                      R1=177700 
001116: sob     r2,001052               
001052: mov     r1,r0                   R1=177700 
001054: rol     r0                      R0=177601 
001056: rol     r0                      R0=177403 
001060: rol     r0                      R0=177007 
001062: rol     r0                      R0=176017 
001064: rol     r0                      R0=174037 
001066: bic     #177770,r0              [001070]=177770 R0=000007 
001072: add     #000060,r0              [001074]=000060 R0=000067 
001076: tstb    @#177564                [177564]=200 
001102: bpl     001076                  
001104: movb    r0,@#177566             R0=067 [177566] 7
001110: asl     r1                      R1=177600 
001112: asl     r1                      R1=177400 
001114: asl     r1                      R1=177000 
001116: sob     r2,001052               
001052: mov     r1,r0                   R1=177000 
001054: rol     r0                      R0=176001 
001056: rol     r0                      R0=174003 
001060: rol     r0                      R0=170007 
001062: rol     r0                      R0=160017 
001064: rol     r0                      R0=140037 
001066: bic     #177770,r0              [001070]=177770 R0=000007 
001072: add     #000060,r0              [001074]=000060 R0=000067 
001076: tstb    @#177564                [177564]=200 
001102: bpl     001076                  
001104: movb    r0,@#177566             R0=067 [177566] 7
001110: asl     r1                      R1=176000 
001112: asl     r1                      R1=174000 
001114: asl     r1                      R1=170000 
001116: sob     r2,001052               
001052: mov     r1,r0                   R1=170000 
001054: rol     r0                      R0=160001 
001056: rol     r0                      R0=140003 
001060: rol     r0                      R0=100007 
001062: rol     r0                      R0=000017 
001064: rol     r0                      R0=000037 
001066: bic     #177770,r0              [001070]=177770 R0=000007 
001072: add     #000060,r0              [001074]=000060 R0=000067 
001076: tstb    @#177564                [177564]=200 
001102: bpl     001076                  
001104: movb    r0,@#177566             R0=067 [177566] 7
001110: asl     r1                      R1=160000 
001112: asl     r1                      R1=140000 
001114: asl     r1                      R1=100000 
001116: sob     r2,001052               
001120: mov     #000012,r0              [001122]=000012 
001124: tstb    @#177564                [177564]=200 
001130: bpl     001124                  
001132: movb    r0,@#177566             R0=012 [177566] 

001136: mov     #000015,r0              [001140]=000015 
001142: tstb    @#177564                [177564]=200 
001146: bpl     001142                  
001150: movb    r0,@#177566             R0=015 [177566] 
001154: br      001010                  
001010: mov     (r5)+,r0                [000220]=000010 
001012: beq     001156                  
001014: mov     r1,-(sp)                R1=100000 [000736] 
001016: mov     r2,-(sp)                R2=000000 [000734] 
001020: mov     r0,r1                   R0=000010 
001022: mov     #000005,r2              [001024]=000005 
001026: movb    #000060,r0              [001030]=060 
001032: tst     r1                      R1=000010 
001034: bpl     001040                  
001040: tstb    @#177564                [177564]=200 
001044: bpl     001040                  
001046: movb    r0,@#177566             R0=060 [177566] 0
001052: mov     r1,r0                   R1=000010 
001054: rol     r0                      R0=000020 
001056: rol     r0                      R0=000040 
001060: rol     r0                      R0=000100 
001062: rol     r0                      R0=000200 
001064: rol     r0                      R0=000400 
001066: bic     #177770,r0              [001070]=177770 R0=000000 
001072: add     #000060,r0              [001074]=000060 R0=000060 
001076: tstb    @#177564                [177564]=200 
001102: bpl     001076                  
001104: movb    r0,@#177566             R0=060 [177566] 0
001110: asl     r1                      R1=000020 
001112: asl     r1                      R1=000040 
001114: asl     r1                      R1=000100 
001116: sob     r2,001052               
001052: mov     r1,r0                   R1=000100 
001054: rol     r0                      R0=000200 
001056: rol     r0                      R0=000400 
001060: rol     r0                      R0=001000 
001062: rol     r0                      R0=002000 
001064: rol     r0                      R0=004000 
001066: bic     #177770,r0              [001070]=177770 R0=000000 
001072: add     #000060,r0              [001074]=000060 R0=000060 
001076: tstb    @#177564                [177564]=200 
001102: bpl     001076                  
001104: movb    r0,@#177566             R0=060 [177566] 0
001110: asl     r1                      R1=000200 
001112: asl     r1                      R1=000400 
001114: asl     r1                      R1=001000 
001116: sob     r2,001052               
001052: mov     r1,r0                   R1=001000 
001054: rol     r0                      R0=002000 
001056: rol     r0                      R0=004000 
001060: rol     r0                      R0=010000 
001062: rol     r0                      R0=020000 
001064: rol     r0                      R0=040000 
001066: bic     #177770,r0              [001070]=177770 R0=000000 
001072: add     #000060,r0              [001074]=000060 R0=000060 
001076: tstb    @#177564                [177564]=200 
001102: bpl     001076                  
001104: movb    r0,@#177566             R0=060 [177566] 0
001110: asl     r1                      R1=002000 
001112: asl     r1                      R1=004000 
001114: asl     r1                      R1=010000 
001116: sob     r2,001052               
001052: mov     r1,r0                   R1=010000 
001054: rol     r0                      R0=020000 
001056: rol     r0                      R0=040000 
001060: rol     r0                      R0=100000 
001062: rol     r0                      R0=000000 
001064: rol     r0                      R0=000001 
001066: bic     #177770,r0              [001070]=177770 R0=000001 
001072: add     #000060,r0              [001074]=000060 R0=000061 
001076: tstb    @#177564                [177564]=200 
001102: bpl     001076                  
001104: movb    r0,@#177566             R0=061 [177566] 1
001110: asl     r1                      R1=020000 
001112: asl     r1                      R1=040000 
001114: asl     r1                      R1=100000 
001116: sob     r2,001052               
001052: mov     r1,r0                   R1=100000 
001054: rol     r0                      R0=000000 
001056: rol     r0                      R0=000001 
001060: rol     r0                      R0=000002 
001062: rol     r0                      R0=000004 
001064: rol     r0                      R0=000010 
001066: bic     #177770,r0              [001070]=177770 R0=000000 
001072: add     #000060,r0              [001074]=000060 R0=000060 
001076: tstb    @#177564                [177564]=200 
001102: bpl     001076                  
001104: movb    r0,@#177566             R0=060 [177566] 0
001110: asl     r1                      R1=000000 
001112: asl     r1                      R1=000000 
001114: asl     r1                      R1=000000 
001116: sob     r2,001052               
001120: mov     #000012,r0              [001122]=000012 
001124: tstb    @#177564                [177564]=200 
001130: bpl     001124                  
001132: movb    r0,@#177566             R0=012 [177566] 

001136: mov     #000015,r0              [001140]=000015 
001142: tstb    @#177564                [177564]=200 
001146: bpl     001142                  
001150: movb    r0,@#177566             R0=015 [177566] 
001154: br      001010                  
001010: mov     (r5)+,r0                [000222]=000020 
001012: beq     001156                  
001014: mov     r1,-(sp)                R1=000000 [000732] 
001016: mov     r2,-(sp)                R2=000000 [000730] 
001020: mov     r0,r1                   R0=000020 
001022: mov     #000005,r2              [001024]=000005 
001026: movb    #000060,r0              [001030]=060 
001032: tst     r1                      R1=000020 
001034: bpl     001040                  
001040: tstb    @#177564                [177564]=200 
001044: bpl     001040                  
001046: movb    r0,@#177566             R0=060 [177566] 0
001052: mov     r1,r0                   R1=000020 
001054: rol     r0                      R0=000040 
001056: rol     r0                      R0=000100 
001060: rol     r0                      R0=000200 
001062: rol     r0                      R0=000400 
001064: rol     r0                      R0=001000 
001066: bic     #177770,r0              [001070]=177770 R0=000000 
001072: add     #000060,r0              [001074]=000060 R0=000060 
001076: tstb    @#177564                [177564]=200 
001102: bpl     001076                  
001104: movb    r0,@#177566             R0=060 [177566] 0
001110: asl     r1                      R1=000040 
001112: asl     r1                      R1=000100 
001114: asl     r1                      R1=000200 
001116: sob     r2,001052               
001052: mov     r1,r0                   R1=000200 
001054: rol     r0                      R0=000400 
001056: rol     r0                      R0=001000 
001060: rol     r0                      R0=002000 
001062: rol     r0                      R0=004000 
001064: rol     r0                      R0=010000 
001066: bic     #177770,r0              [001070]=177770 R0=000000 
001072: add     #000060,r0              [001074]=000060 R0=000060 
001076: tstb    @#177564                [177564]=200 
001102: bpl     001076                  
001104: movb    r0,@#177566             R0=060 [177566] 0
001110: asl     r1                      R1=000400 
001112: asl     r1                      R1=001000 
001114: asl     r1                      R1=002000 
001116: sob     r2,001052               
001052: mov     r1,r0                   R1=002000 
001054: rol     r0                      R0=004000 
001056: rol     r0                      R0=010000 
001060: rol     r0                      R0=020000 
001062: rol     r0                      R0=040000 
001064: rol     r0                      R0=100000 
001066: bic     #177770,r0              [001070]=177770 R0=000000 
001072: add     #000060,r0              [001074]=000060 R0=000060 
001076: tstb    @#177564                [177564]=200 
001102: bpl     001076                  
001104: movb    r0,@#177566             R0=060 [177566] 0
001110: asl     r1                      R1=004000 
001112: asl     r1                      R1=010000 
001114: asl     r1                      R1=020000 
001116: sob     r2,001052               
001052: mov     r1,r0                   R1=020000 
001054: rol     r0                      R0=040000 
001056: rol     r0                      R0=100000 
001060: rol     r0                      R0=000000 
001062: rol     r0                      R0=000001 
001064: rol     r0                      R0=000002 
001066: bic     #177770,r0              [001070]=177770 R0=000002 
001072: add     #000060,r0              [001074]=000060 R0=000062 
001076: tstb    @#177564                [177564]=200 
001102: bpl     001076                  
001104: movb    r0,@#177566             R0=062 [177566] 2
001110: asl     r1                      R1=040000 
001112: asl     r1                      R1=100000 
001114: asl     r1                      R1=000000 
001116: sob     r2,001052               
001052: mov     r1,r0                   R1=000000 
001054: rol     r0                      R0=000001 
001056: rol     r0                      R0=000002 
001060: rol     r0                      R0=000004 
001062: rol     r0                      R0=000010 
001064: rol     r0                      R0=000020 
001066: bic     #177770,r0              [001070]=177770 R0=000000 
001072: add     #000060,r0              [001074]=000060 R0=000060 
001076: tstb    @#177564                [177564]=200 
001102: bpl     001076                  
001104: movb    r0,@#177566             R0=060 [177566] 0
001110: asl     r1                      R1=000000 
001112: asl     r1                      R1=000000 
001114: asl     r1                      R1=000000 
001116: sob     r2,001052               
001120: mov     #000012,r0              [001122]=000012 
001124: tstb    @#177564                [177564]=200 
001130: bpl     001124                  
001132: movb    r0,@#177566             R0=012 [177566] 

001136: mov     #000015,r0              [001140]=000015 
001142: tstb    @#177564                [177564]=200 
001146: bpl     001142                  
001150: movb    r0,@#177566             R0=015 [177566] 
001154: br      001010                  
001010: mov     (r5)+,r0                [000224]=000040 
001012: beq     001156                  
001014: mov     r1,-(sp)                R1=000000 [000726] 
001016: mov     r2,-(sp)                R2=000000 [000724] 
001020: mov     r0,r1                   R0=000040 
001022: mov     #000005,r2              [001024]=000005 
001026: movb    #000060,r0              [001030]=060 
001032: tst     r1                      R1=000040 
001034: bpl     001040                  
001040: tstb    @#177564                [177564]=200 
001044: bpl     001040                  
001046: movb    r0,@#177566             R0=060 [177566] 0
001052: mov     r1,r0                   R1=000040 
001054: rol     r0                      R0=000100 
001056: rol     r0                      R0=000200 
001060: rol     r0                      R0=000400 
001062: rol     r0                      R0=001000 
001064: rol     r0                      R0=002000 
001066: bic     #177770,r0              [001070]=177770 R0=000000 
001072: add     #000060,r0              [001074]=000060 R0=000060 
001076: tstb    @#177564                [177564]=200 
001102: bpl     001076                  
001104: movb    r0,@#177566             R0=060 [177566] 0
001110: asl     r1                      R1=000100 
001112: asl     r1                      R1=000200 
001114: asl     r1                      R1=000400 
001116: sob     r2,001052               
001052: mov     r1,r0                   R1=000400 
001054: rol     r0                      R0=001000 
001056: rol     r0                      R0=002000 
001060: rol     r0                      R0=004000 
001062: rol     r0                      R0=010000 
001064: rol     r0                      R0=020000 
001066: bic     #177770,r0              [001070]=177770 R0=000000 
001072: add     #000060,r0              [001074]=000060 R0=000060 
001076: tstb    @#177564                [177564]=200 
001102: bpl     001076                  
001104: movb    r0,@#177566             R0=060 [177566] 0
001110: asl     r1                      R1=001000 
001112: asl     r1                      R1=002000 
001114: asl     r1                      R1=004000 
001116: sob     r2,001052               
001052: mov     r1,r0                   R1=004000 
001054: rol     r0                      R0=010000 
001056: rol     r0                      R0=020000 
001060: rol     r0                      R0=040000 
001062: rol     r0                      R0=100000 
001064: rol     r0                      R0=000000 
001066: bic     #177770,r0              [001070]=177770 R0=000000 
001072: add     #000060,r0              [001074]=000060 R0=000060 
001076: tstb    @#177564                [177564]=200 
001102: bpl     001076                  
001104: movb    r0,@#177566             R0=060 [177566] 0
001110: asl     r1                      R1=010000 
001112: asl     r1                      R1=020000 
001114: asl     r1                      R1=040000 
001116: sob     r2,001052               
001052: mov     r1,r0                   R1=040000 
001054: rol     r0                      R0=100000 
001056: rol     r0                      R0=000000 
001060: rol     r0                      R0=000001 
001062: rol     r0                      R0=000002 
001064: rol     r0                      R0=000004 
001066: bic     #177770,r0              [001070]=177770 R0=000004 
001072: add     #000060,r0              [001074]=000060 R0=000064 
001076: tstb    @#177564                [177564]=200 
001102: bpl     001076                  
001104: movb    r0,@#177566             R0=064 [177566] 4
001110: asl     r1                      R1=100000 
001112: asl     r1                      R1=000000 
001114: asl     r1                      R1=000000 
001116: sob     r2,001052               
001052: mov     r1,r0                   R1=000000 
001054: rol     r0                      R0=000000 
001056: rol     r0                      R0=000000 
001060: rol     r0                      R0=000000 
001062: rol     r0                      R0=000000 
001064: rol     r0                      R0=000000 
001066: bic     #177770,r0              [001070]=177770 R0=000000 
001072: add     #000060,r0              [001074]=000060 R0=000060 
001076: tstb    @#177564                [177564]=200 
001102: bpl     001076                  
001104: movb    r0,@#177566             R0=060 [177566] 0
001110: asl     r1                      R1=000000 
001112: asl     r1                      R1=000000 
001114: asl     r1                      R1=000000 
001116: sob     r2,001052               
001120: mov     #000012,r0              [001122]=000012 
001124: tstb    @#177564                [177564]=200 
001130: bpl     001124                  
001132: movb    r0,@#177566             R0=012 [177566] 

001136: mov     #000015,r0              [001140]=000015 
001142: tstb    @#177564                [177564]=200 
001146: bpl     001142                  
001150: movb    r0,@#177566             R0=015 [177566] 
001154: br      001010                  
001010: mov     (r5)+,r0                [000226]=000100 
001012: beq     001156                  
001014: mov     r1,-(sp)                R1=000000 [000722] 
001016: mov     r2,-(sp)                R2=000000 [000720] 
001020: mov     r0,r1                   R0=000100 
001022: mov     #000005,r2              [001024]=000005 
001026: movb    #000060,r0              [001030]=060 
001032: tst     r1                      R1=000100 
001034: bpl     001040                  
001040: tstb    @#177564                [177564]=200 
001044: bpl     001040                  
001046: movb    r0,@#177566             R0=060 [177566] 0
001052: mov     r1,r0                   R1=000100 
001054: rol     r0                      R0=000200 
001056: rol     r0                      R0=000400 
001060: rol     r0                      R0=001000 
001062: rol     r0                      R0=002000 
001064: rol     r0                      R0=004000 
001066: bic     #177770,r0              [001070]=177770 R0=000000 
001072: add     #000060,r0              [001074]=000060 R0=000060 
001076: tstb    @#177564                [177564]=200 
001102: bpl     001076                  
001104: movb    r0,@#177566             R0=060 [177566] 0
001110: asl     r1                      R1=000200 
001112: asl     r1                      R1=000400 
001114: asl     r1                      R1=001000 
001116: sob     r2,001052               
001052: mov     r1,r0                   R1=001000 
001054: rol     r0                      R0=002000 
001056: rol     r0                      R0=004000 
001060: rol     r0                      R0=010000 
001062: rol     r0                      R0=020000 
001064: rol     r0                      R0=040000 
001066: bic     #177770,r0              [001070]=177770 R0=000000 
001072: add     #000060,r0              [001074]=000060 R0=000060 
001076: tstb    @#177564                [177564]=200 
001102: bpl     001076                  
001104: movb    r0,@#177566             R0=060 [177566] 0
001110: asl     r1                      R1=002000 
001112: asl     r1                      R1=004000 
001114: asl     r1                      R1=010000 
001116: sob     r2,001052               
001052: mov     r1,r0                   R1=010000 
001054: rol     r0                      R0=020000 
001056: rol     r0                      R0=040000 
001060: rol     r0                      R0=100000 
001062: rol     r0                      R0=000000 
001064: rol     r0                      R0=000001 
001066: bic     #177770,r0              [001070]=177770 R0=000001 
001072: add     #000060,r0              [001074]=000060 R0=000061 
001076: tstb    @#177564                [177564]=200 
001102: bpl     001076                  
001104: movb    r0,@#177566             R0=061 [177566] 1
001110: asl     r1                      R1=020000 
001112: asl     r1                      R1=040000 
001114: asl     r1                      R1=100000 
001116: sob     r2,001052               
001052: mov     r1,r0                   R1=100000 
001054: rol     r0                      R0=000000 
001056: rol     r0                      R0=000001 
001060: rol     r0                      R0=000002 
001062: rol     r0                      R0=000004 
001064: rol     r0                      R0=000010 
001066: bic     #177770,r0              [001070]=177770 R0=000000 
001072: add     #000060,r0              [001074]=000060 R0=000060 
001076: tstb    @#177564                [177564]=200 
001102: bpl     001076                  
001104: movb    r0,@#177566             R0=060 [177566] 0
001110: asl     r1                      R1=000000 
001112: asl     r1                      R1=000000 
001114: asl     r1                      R1=000000 
001116: sob     r2,001052               
001052: mov     r1,r0                   R1=000000 
001054: rol     r0                      R0=000000 
001056: rol     r0                      R0=000000 
001060: rol     r0                      R0=000000 
001062: rol     r0                      R0=000000 
001064: rol     r0                      R0=000000 
001066: bic     #177770,r0              [001070]=177770 R0=000000 
001072: add     #000060,r0              [001074]=000060 R0=000060 
001076: tstb    @#177564                [177564]=200 
001102: bpl     001076                  
001104: movb    r0,@#177566             R0=060 [177566] 0
001110: asl     r1                      R1=000000 
001112: asl     r1                      R1=000000 
001114: asl     r1                      R1=000000 
001116: sob     r2,001052               
001120: mov     #000012,r0              [001122]=000012 
001124: tstb    @#177564                [177564]=200 
001130: bpl     001124                  
001132: movb    r0,@#177566             R0=012 [177566] 

001136: mov     #000015,r0              [001140]=000015 
001142: tstb    @#177564                [177564]=200 
001146: bpl     001142                  
001150: movb    r0,@#177566             R0=015 [177566] 
001154: br      001010                  
001010: mov     (r5)+,r0                [000230]=001000 
001012: beq     001156                  
001014: mov     r1,-(sp)                R1=000000 [000716] 
001016: mov     r2,-(sp)                R2=000000 [000714] 
001020: mov     r0,r1                   R0=001000 
001022: mov     #000005,r2              [001024]=000005 
001026: movb    #000060,r0              [001030]=060 
001032: tst     r1                      R1=001000 
001034: bpl     001040                  
001040: tstb    @#177564                [177564]=200 
001044: bpl     001040                  
001046: movb    r0,@#177566             R0=060 [177566] 0
001052: mov     r1,r0                   R1=001000 
001054: rol     r0                      R0=002000 
001056: rol     r0                      R0=004000 
001060: rol     r0                      R0=010000 
001062: rol     r0                      R0=020000 
001064: rol     r0                      R0=040000 
001066: bic     #177770,r0              [001070]=177770 R0=000000 
001072: add     #000060,r0              [001074]=000060 R0=000060 
001076: tstb    @#177564                [177564]=200 
001102: bpl     001076                  
001104: movb    r0,@#177566             R0=060 [177566] 0
001110: asl     r1                      R1=002000 
001112: asl     r1                      R1=004000 
001114: asl     r1                      R1=010000 
001116: sob     r2,001052               
001052: mov     r1,r0                   R1=010000 
001054: rol     r0                      R0=020000 
001056: rol     r0                      R0=040000 
001060: rol     r0                      R0=100000 
001062: rol     r0                      R0=000000 
001064: rol     r0                      R0=000001 
001066: bic     #177770,r0              [001070]=177770 R0=000001 
001072: add     #000060,r0              [001074]=000060 R0=000061 
001076: tstb    @#177564                [177564]=200 
001102: bpl     001076                  
001104: movb    r0,@#177566             R0=061 [177566] 1
001110: asl     r1                      R1=020000 
001112: asl     r1                      R1=040000 
001114: asl     r1                      R1=100000 
001116: sob     r2,001052               
001052: mov     r1,r0                   R1=100000 
001054: rol     r0                      R0=000000 
001056: rol     r0                      R0=000001 
001060: rol     r0                      R0=000002 
001062: rol     r0                      R0=000004 
001064: rol     r0                      R0=000010 
001066: bic     #177770,r0              [001070]=177770 R0=000000 
001072: add     #000060,r0              [001074]=000060 R0=000060 
001076: tstb    @#177564                [177564]=200 
001102: bpl     001076                  
001104: movb    r0,@#177566             R0=060 [177566] 0
001110: asl     r1                      R1=000000 
001112: asl     r1                      R1=000000 
001114: asl     r1                      R1=000000 
001116: sob     r2,001052               
001052: mov     r1,r0                   R1=000000 
001054: rol     r0                      R0=000000 
001056: rol     r0                      R0=000000 
001060: rol     r0                      R0=000000 
001062: rol     r0                      R0=000000 
001064: rol     r0                      R0=000000 
001066: bic     #177770,r0              [001070]=177770 R0=000000 
001072: add     #000060,r0              [001074]=000060 R0=000060 
001076: tstb    @#177564                [177564]=200 
001102: bpl     001076                  
001104: movb    r0,@#177566             R0=060 [177566] 0
001110: asl     r1                      R1=000000 
001112: asl     r1                      R1=000000 
001114: asl     r1                      R1=000000 
001116: sob     r2,001052               
001052: mov     r1,r0                   R1=000000 
001054: rol     r0                      R0=000000 
001056: rol     r0                      R0=000000 
001060: rol     r0                      R0=000000 
001062: rol     r0                      R0=000000 
001064: rol     r0                      R0=000000 
001066: bic     #177770,r0              [001070]=177770 R0=000000 
001072: add     #000060,r0              [001074]=000060 R0=000060 
001076: tstb    @#177564                [177564]=200 
001102: bpl     001076                  
001104: movb    r0,@#177566             R0=060 [177566] 0
001110: asl     r1                      R1=000000 
001112: asl     r1                      R1=000000 
001114: asl     r1                      R1=000000 
001116: sob     r2,001052               
001120: mov     #000012,r0              [001122]=000012 
001124: tstb    @#177564                [177564]=200 
001130: bpl     001124                  
001132: movb    r0,@#177566             R0=012 [177566] 

001136: mov     #000015,r0              [001140]=000015 
001142: tstb    @#177564                [177564]=200 
001146: bpl     001142                  
001150: movb    r0,@#177566             R0=015 [177566] 
001154: br      001010                  
001010: mov     (r5)+,r0                [000232]=100000 
001012: beq     001156                  
001014: mov     r1,-(sp)                R1=000000 [000712] 
001016: mov     r2,-(sp)                R2=000000 [000710] 
001020: mov     r0,r1                   R0=100000 
001022: mov     #000005,r2              [001024]=000005 
001026: movb    #000060,r0              [001030]=060 
001032: tst     r1                      R1=100000 
001034: bpl     001040                  
001036: inc     r0                      R0=000061 
001040: tstb    @#177564                [177564]=200 
001044: bpl     001040                  
001046: movb    r0,@#177566             R0=061 [177566] 1
001052: mov     r1,r0                   R1=100000 
001054: rol     r0                      R0=000000 
001056: rol     r0                      R0=000001 
001060: rol     r0                      R0=000002 
001062: rol     r0                      R0=000004 
001064: rol     r0                      R0=000010 
001066: bic     #177770,r0              [001070]=177770 R0=000000 
001072: add     #000060,r0              [001074]=000060 R0=000060 
001076: tstb    @#177564                [177564]=200 
001102: bpl     001076                  
001104: movb    r0,@#177566             R0=060 [177566] 0
001110: asl     r1                      R1=000000 
001112: asl     r1                      R1=000000 
001114: asl     r1                      R1=000000 
001116: sob     r2,001052               
001052: mov     r1,r0                   R1=000000 
001054: rol     r0                      R0=000000 
001056: rol     r0                      R0=000000 
001060: rol     r0                      R0=000000 
001062: rol     r0                      R0=000000 
001064: rol     r0                      R0=000000 
001066: bic     #177770,r0              [001070]=177770 R0=000000 
001072: add     #000060,r0              [001074]=000060 R0=000060 
001076: tstb    @#177564                [177564]=200 
001102: bpl     001076                  
001104: movb    r0,@#177566             R0=060 [177566] 0
001110: asl     r1                      R1=000000 
001112: asl     r1                      R1=000000 
001114: asl     r1                      R1=000000 
001116: sob     r2,001052               
001052: mov     r1,r0                   R1=000000 
001054: rol     r0                      R0=000000 
001056: rol     r0                      R0=000000 
001060: rol     r0                      R0=000000 
001062: rol     r0                      R0=000000 
001064: rol     r0                      R0=000000 
001066: bic     #177770,r0              [001070]=177770 R0=000000 
001072: add     #000060,r0              [001074]=000060 R0=000060 
001076: tstb    @#177564                [177564]=200 
001102: bpl     001076                  
001104: movb    r0,@#177566             R0=060 [177566] 0
001110: asl     r1                      R1=000000 
001112: asl     r1                      R1=000000 
001114: asl     r1                      R1=000000 
001116: sob     r2,001052               
001052: mov     r1,r0                   R1=000000 
001054: rol     r0                      R0=000000 
001056: rol     r0                      R0=000000 
001060: rol     r0                      R0=000000 
001062: rol     r0                      R0=000000 
001064: rol     r0                      R0=000000 
001066: bic     #177770,r0              [001070]=177770 R0=000000 
001072: add     #000060,r0              [001074]=000060 R0=000060 
001076: tstb    @#177564                [177564]=200 
001102: bpl     001076                  
001104: movb    r0,@#177566             R0=060 [177566] 0
001110: asl     r1                      R1=000000 
001112: asl     r1                      R1=000000 
001114: asl     r1                      R1=000000 
001116: sob     r2,001052               
001052: mov     r1,r0                   R1=000000 
001054: rol     r0                      R0=000000 
001056: rol     r0                      R0=000000 
001060: rol     r0                      R0=000000 
001062: rol     r0                      R0=000000 
001064: rol     r0                      R0=000000 
001066: bic     #177770,r0              [001070]=177770 R0=000000 
001072: add     #000060,r0              [001074]=000060 R0=000060 
001076: tstb    @#177564                [177564]=200 
001102: bpl     001076                  
001104: movb    r0,@#177566             R0=060 [177566] 0
001110: asl     r1                      R1=000000 
001112: asl     r1                      R1=000000 
001114: asl     r1                      R1=000000 
001116: sob     r2,001052               
001120: mov     #000012,r0              [001122]=000012 
001124: tstb    @#177564                [177564]=200 
001130: bpl     001124                  
001132: movb    r0,@#177566             R0=012 [177566] 

001136: mov     #000015,r0              [001140]=000015 
001142: tstb    @#177564                [177564]=200 
001146: bpl     001142                  
001150: movb    r0,@#177566             R0=015 [177566] 
001154: br      001010                  
001010: mov     (r5)+,r0                [000234]=006543 
001012: beq     001156                  
001014: mov     r1,-(sp)                R1=000000 [000706] 
001016: mov     r2,-(sp)                R2=000000 [000704] 
001020: mov     r0,r1                   R0=006543 
001022: mov     #000005,r2              [001024]=000005 
001026: movb    #000060,r0              [001030]=060 
001032: tst     r1                      R1=006543 
001034: bpl     001040                  
001040: tstb    @#177564                [177564]=200 
001044: bpl     001040                  
001046: movb    r0,@#177566             R0=060 [177566] 0
001052: mov     r1,r0                   R1=006543 
001054: rol     r0                      R0=015306 
001056: rol     r0                      R0=032614 
001060: rol     r0                      R0=065430 
001062: rol     r0                      R0=153060 
001064: rol     r0                      R0=126140 
001066: bic     #177770,r0              [001070]=177770 R0=000000 
001072: add     #000060,r0              [001074]=000060 R0=000060 
001076: tstb    @#177564                [177564]=200 
001102: bpl     001076                  
001104: movb    r0,@#177566             R0=060 [177566] 0
001110: asl     r1                      R1=015306 
001112: asl     r1                      R1=032614 
001114: asl     r1                      R1=065430 
001116: sob     r2,001052               
001052: mov     r1,r0                   R1=065430 
001054: rol     r0                      R0=153060 
001056: rol     r0                      R0=126140 
001060: rol     r0                      R0=054301 
001062: rol     r0                      R0=130603 
001064: rol     r0                      R0=061406 
001066: bic     #177770,r0              [001070]=177770 R0=000006 
001072: add     #000060,r0              [001074]=000060 R0=000066 
001076: tstb    @#177564                [177564]=200 
001102: bpl     001076                  
001104: movb    r0,@#177566             R0=066 [177566] 6
001110: asl     r1                      R1=153060 
001112: asl     r1                      R1=126140 
001114: asl     r1                      R1=054300 
001116: sob     r2,001052               
001052: mov     r1,r0                   R1=054300 
001054: rol     r0                      R0=130601 
001056: rol     r0                      R0=061402 
001060: rol     r0                      R0=143005 
001062: rol     r0                      R0=106012 
001064: rol     r0                      R0=014025 
001066: bic     #177770,r0              [001070]=177770 R0=000005 
001072: add     #000060,r0              [001074]=000060 R0=000065 
001076: tstb    @#177564                [177564]=200 
001102: bpl     001076                  
001104: movb    r0,@#177566             R0=065 [177566] 5
001110: asl     r1                      R1=130600 
001112: asl     r1                      R1=061400 
001114: asl     r1                      R1=143000 
001116: sob     r2,001052               
001052: mov     r1,r0                   R1=143000 
001054: rol     r0                      R0=106000 
001056: rol     r0                      R0=014001 
001060: rol     r0                      R0=030003 
001062: rol     r0                      R0=060006 
001064: rol     r0                      R0=140014 
001066: bic     #177770,r0              [001070]=177770 R0=000004 
001072: add     #000060,r0              [001074]=000060 R0=000064 
001076: tstb    @#177564                [177564]=200 
001102: bpl     001076                  
001104: movb    r0,@#177566             R0=064 [177566] 4
001110: asl     r1                      R1=106000 
001112: asl     r1                      R1=014000 
001114: asl     r1                      R1=030000 
001116: sob     r2,001052               
001052: mov     r1,r0                   R1=030000 
001054: rol     r0                      R0=060000 
001056: rol     r0                      R0=140000 
001060: rol     r0                      R0=100000 
001062: rol     r0                      R0=000001 
001064: rol     r0                      R0=000003 
001066: bic     #177770,r0              [001070]=177770 R0=000003 
001072: add     #000060,r0              [001074]=000060 R0=000063 
001076: tstb    @#177564                [177564]=200 
001102: bpl     001076                  
001104: movb    r0,@#177566             R0=063 [177566] 3
001110: asl     r1                      R1=060000 
001112: asl     r1                      R1=140000 
001114: asl     r1                      R1=100000 
001116: sob     r2,001052               
001120: mov     #000012,r0              [001122]=000012 
001124: tstb    @#177564                [177564]=200 
001130: bpl     001124                  
001132: movb    r0,@#177566             R0=012 [177566] 

001136: mov     #000015,r0              [001140]=000015 
001142: tstb    @#177564                [177564]=200 
001146: bpl     001142                  
001150: movb    r0,@#177566             R0=015 [177566] 
001154: br      001010                  
001010: mov     (r5)+,r0                [000236]=000000 
001012: beq     001156                  
001156: halt                            

---------------- halted ---------------
r0=000000 r2=000000 r4=000000 sp=000704
r1=100000 r3=000000 r5=000240 pc=001160
psw=000004: cm=k pm=k pri=0    z   [1449]
