
---------------- running --------------
001000: mov     #000100,r2              [001002]=000100 
001004: clr     r0                      
001006: movb    (r2)+,r3                [000100]=034 
001010: beq     001016                  
001012: add     r3,r0                   R3=000034 R0=000034 
001014: br      001006                  
001006: movb    (r2)+,r3                [000101]=012 
001010: beq     001016                  
001012: add     r3,r0                   R3=000012 R0=000046 
001014: br      001006                  
001006: movb    (r2)+,r3                [000102]=377 
001010: beq     001016                  
001012: add     r3,r0                   R3=177777 R0=000045 
001014: br      001006                  
001006: movb    (r2)+,r3                [000103]=066 
001010: beq     001016                  
001012: add     r3,r0                   R3=000066 R0=000133 
001014: br      001006                  
001006: movb    (r2)+,r3                [000104]=000 
001010: beq     001016                  
001016: halt                            

---------------- halted ---------------
r0=000133 r2=000105 r4=000000 sp=000000
r1=000000 r3=000000 r5=000000 pc=001020
psw=000004: cm=k pm=k pri=0    z   [21]
