
---------------- running --------------
001000: mov     #001000,sp              [001002]=001000 
001004: mov     #000100,r2              [001006]=000100 
001010: clr     r0                      
001012: mov     #000021,r5              [001014]=000021 
001016: clr     r4                      
001020: jsr     r5,001026               
001026: add     r5,r4                   R5=001024 R4=001024 
001030: mov     (r2)+,r3                [000100]=000034 
001032: beq     001042                  
001034: add     r3,r0                   R3=000034 R0=000034 
001036: jsr     r5,001026               
001026: add     r5,r4                   R5=001042 R4=002066 
001030: mov     (r2)+,r3                [000102]=000012 
001032: beq     001042                  
001034: add     r3,r0                   R3=000012 R0=000046 
001036: jsr     r5,001026               
001026: add     r5,r4                   R5=001042 R4=003130 
001030: mov     (r2)+,r3                [000104]=177777 
001032: beq     001042                  
001034: add     r3,r0                   R3=177777 R0=000045 
001036: jsr     r5,001026               
001026: add     r5,r4                   R5=001042 R4=004172 
001030: mov     (r2)+,r3                [000106]=000066 
001032: beq     001042                  
001034: add     r3,r0                   R3=000066 R0=000133 
001036: jsr     r5,001026               
001026: add     r5,r4                   R5=001042 R4=005234 
001030: mov     (r2)+,r3                [000110]=000000 
001032: beq     001042                  
001042: rts     r5                      
001042: rts     r5                      
001042: rts     r5                      
001042: rts     r5                      
001042: rts     r5                      
001024: halt                            

---------------- halted ---------------
r0=000133 r2=000112 r4=005234 sp=001000
r1=000000 r3=000000 r5=000021 pc=001026
psw=000004: cm=k pm=k pri=0    z   [35]
