      1 [main] pdp11 11476 find_fast_cwd: WARNING: Couldn't compute FAST_CWD pointer.  Please report this problem to
the public mailing list cygwin@cygwin.com

---------------- running --------------
001000: mov     #001000,sp              [001002]=001000 
001004: mov     #000200,r1              [001006]=000200 
001010: mov     (r1)+,r0                [000200]=011064 
001012: beq     001026                  
001014: jsr     pc,001110               
001110: mov     r1,-(sp)                R1=000202 [000774] 
001112: mov     r2,-(sp)                R2=000000 [000772] 
001114: mov     r3,-(sp)                R3=000000 [000770] 
001116: mov     r0,r1                   R0=011064 
001120: mov     #000004,r2              [001122]=000004 
001124: mov     #177764,r3              [001126]=177764 
001130: mov     r1,r0                   R1=011064 
001132: ash     r3,r0                   R3=177764 
001134: bic     #177760,r0              [001136]=177760 R0=000001 
001140: add     #001066,r0              [001142]=001066 R0=001067 
001144: movb    (r0),r0                 [001067]=061 
001146: jsr     pc,001030               
001030: tstb    @#177564                [177564]=200 
001034: bpl     001030                  
001036: movb    r0,@#177566             R0=061 [177566] 1
001042: rts     pc                      
001152: add     #000004,r3              [001154]=000004 R3=177770 
001156: sob     r2,001130               
001130: mov     r1,r0                   R1=011064 
001132: ash     r3,r0                   R3=177770 
001134: bic     #177760,r0              [001136]=177760 R0=000002 
001140: add     #001066,r0              [001142]=001066 R0=001070 
001144: movb    (r0),r0                 [001070]=062 
001146: jsr     pc,001030               
001030: tstb    @#177564                [177564]=200 
001034: bpl     001030                  
001036: movb    r0,@#177566             R0=062 [177566] 2
001042: rts     pc                      
001152: add     #000004,r3              [001154]=000004 R3=177774 
001156: sob     r2,001130               
001130: mov     r1,r0                   R1=011064 
001132: ash     r3,r0                   R3=177774 
001134: bic     #177760,r0              [001136]=177760 R0=000003 
001140: add     #001066,r0              [001142]=001066 R0=001071 
001144: movb    (r0),r0                 [001071]=063 
001146: jsr     pc,001030               
001030: tstb    @#177564                [177564]=200 
001034: bpl     001030                  
001036: movb    r0,@#177566             R0=063 [177566] 3
001042: rts     pc                      
001152: add     #000004,r3              [001154]=000004 R3=000000 
001156: sob     r2,001130               
001130: mov     r1,r0                   R1=011064 
001132: ash     r3,r0                   R3=000000 
001134: bic     #177760,r0              [001136]=177760 R0=000004 
001140: add     #001066,r0              [001142]=001066 R0=001072 
001144: movb    (r0),r0                 [001072]=064 
001146: jsr     pc,001030               
001030: tstb    @#177564                [177564]=200 
001034: bpl     001030                  
001036: movb    r0,@#177566             R0=064 [177566] 4
001042: rts     pc                      
001152: add     #000004,r3              [001154]=000004 R3=000004 
001156: sob     r2,001130               
001160: mov     (sp)+,r3                [000770]=000000 
001162: mov     (sp)+,r2                [000772]=000000 
001164: mov     (sp)+,r1                [000774]=000202 
001166: rts     pc                      
001020: jsr     pc,001170               
001170: mov     #001224,r0              [001172]=001224 
001174: jsr     pc,001044               
001044: mov     r1,-(sp)                R1=000202 [000772] 
001046: mov     r0,r1                   R0=001224 
001050: movb    (r1)+,r0                [001224]=012 
001052: beq     001062                  
001054: jsr     pc,001030               
001030: tstb    @#177564                [177564]=200 
001034: bpl     001030                  
001036: movb    r0,@#177566             R0=012 [177566] 

001042: rts     pc                      
001060: br      001050                  
001050: movb    (r1)+,r0                [001225]=015 
001052: beq     001062                  
001054: jsr     pc,001030               
001030: tstb    @#177564                [177564]=200 
001034: bpl     001030                  
001036: movb    r0,@#177566             R0=015 [177566] 
001042: rts     pc                      
001060: br      001050                  
001050: movb    (r1)+,r0                [001226]=000 
001052: beq     001062                  
001062: mov     (sp)+,r1                [000772]=000202 
001064: rts     pc                      
001200: rts     pc                      
001024: br      001010                  
001010: mov     (r1)+,r0                [000202]=125715 
001012: beq     001026                  
001014: jsr     pc,001110               
001110: mov     r1,-(sp)                R1=000204 [000774] 
001112: mov     r2,-(sp)                R2=000000 [000772] 
001114: mov     r3,-(sp)                R3=000000 [000770] 
001116: mov     r0,r1                   R0=125715 
001120: mov     #000004,r2              [001122]=000004 
001124: mov     #177764,r3              [001126]=177764 
001130: mov     r1,r0                   R1=125715 
001132: ash     r3,r0                   R3=177764 
001134: bic     #177760,r0              [001136]=177760 R0=000012 
001140: add     #001066,r0              [001142]=001066 R0=001100 
001144: movb    (r0),r0                 [001100]=101 
001146: jsr     pc,001030               
001030: tstb    @#177564                [177564]=200 
001034: bpl     001030                  
001036: movb    r0,@#177566             R0=101 [177566] A
001042: rts     pc                      
001152: add     #000004,r3              [001154]=000004 R3=177770 
001156: sob     r2,001130               
001130: mov     r1,r0                   R1=125715 
001132: ash     r3,r0                   R3=177770 
001134: bic     #177760,r0              [001136]=177760 R0=000013 
001140: add     #001066,r0              [001142]=001066 R0=001101 
001144: movb    (r0),r0                 [001101]=102 
001146: jsr     pc,001030               
001030: tstb    @#177564                [177564]=200 
001034: bpl     001030                  
001036: movb    r0,@#177566             R0=102 [177566] B
001042: rts     pc                      
001152: add     #000004,r3              [001154]=000004 R3=177774 
001156: sob     r2,001130               
001130: mov     r1,r0                   R1=125715 
001132: ash     r3,r0                   R3=177774 
001134: bic     #177760,r0              [001136]=177760 R0=000014 
001140: add     #001066,r0              [001142]=001066 R0=001102 
001144: movb    (r0),r0                 [001102]=103 
001146: jsr     pc,001030               
001030: tstb    @#177564                [177564]=200 
001034: bpl     001030                  
001036: movb    r0,@#177566             R0=103 [177566] C
001042: rts     pc                      
001152: add     #000004,r3              [001154]=000004 R3=000000 
001156: sob     r2,001130               
001130: mov     r1,r0                   R1=125715 
001132: ash     r3,r0                   R3=000000 
001134: bic     #177760,r0              [001136]=177760 R0=000015 
001140: add     #001066,r0              [001142]=001066 R0=001103 
001144: movb    (r0),r0                 [001103]=104 
001146: jsr     pc,001030               
001030: tstb    @#177564                [177564]=200 
001034: bpl     001030                  
001036: movb    r0,@#177566             R0=104 [177566] D
001042: rts     pc                      
001152: add     #000004,r3              [001154]=000004 R3=000004 
001156: sob     r2,001130               
001160: mov     (sp)+,r3                [000770]=000000 
001162: mov     (sp)+,r2                [000772]=000000 
001164: mov     (sp)+,r1                [000774]=000204 
001166: rts     pc                      
001020: jsr     pc,001170               
001170: mov     #001224,r0              [001172]=001224 
001174: jsr     pc,001044               
001044: mov     r1,-(sp)                R1=000204 [000772] 
001046: mov     r0,r1                   R0=001224 
001050: movb    (r1)+,r0                [001224]=012 
001052: beq     001062                  
001054: jsr     pc,001030               
001030: tstb    @#177564                [177564]=200 
001034: bpl     001030                  
001036: movb    r0,@#177566             R0=012 [177566] 

001042: rts     pc                      
001060: br      001050                  
001050: movb    (r1)+,r0                [001225]=015 
001052: beq     001062                  
001054: jsr     pc,001030               
001030: tstb    @#177564                [177564]=200 
001034: bpl     001030                  
001036: movb    r0,@#177566             R0=015 [177566] 
001042: rts     pc                      
001060: br      001050                  
001050: movb    (r1)+,r0                [001226]=000 
001052: beq     001062                  
001062: mov     (sp)+,r1                [000772]=000204 
001064: rts     pc                      
001200: rts     pc                      
001024: br      001010                  
001010: mov     (r1)+,r0                [000204]=177777 
001012: beq     001026                  
001014: jsr     pc,001110               
001110: mov     r1,-(sp)                R1=000206 [000774] 
001112: mov     r2,-(sp)                R2=000000 [000772] 
001114: mov     r3,-(sp)                R3=000000 [000770] 
001116: mov     r0,r1                   R0=177777 
001120: mov     #000004,r2              [001122]=000004 
001124: mov     #177764,r3              [001126]=177764 
001130: mov     r1,r0                   R1=177777 
001132: ash     r3,r0                   R3=177764 
001134: bic     #177760,r0              [001136]=177760 R0=000017 
001140: add     #001066,r0              [001142]=001066 R0=001105 
001144: movb    (r0),r0                 [001105]=106 
001146: jsr     pc,001030               
001030: tstb    @#177564                [177564]=200 
001034: bpl     001030                  
001036: movb    r0,@#177566             R0=106 [177566] F
001042: rts     pc                      
001152: add     #000004,r3              [001154]=000004 R3=177770 
001156: sob     r2,001130               
001130: mov     r1,r0                   R1=177777 
001132: ash     r3,r0                   R3=177770 
001134: bic     #177760,r0              [001136]=177760 R0=000017 
001140: add     #001066,r0              [001142]=001066 R0=001105 
001144: movb    (r0),r0                 [001105]=106 
001146: jsr     pc,001030               
001030: tstb    @#177564                [177564]=200 
001034: bpl     001030                  
001036: movb    r0,@#177566             R0=106 [177566] F
001042: rts     pc                      
001152: add     #000004,r3              [001154]=000004 R3=177774 
001156: sob     r2,001130               
001130: mov     r1,r0                   R1=177777 
001132: ash     r3,r0                   R3=177774 
001134: bic     #177760,r0              [001136]=177760 R0=000017 
001140: add     #001066,r0              [001142]=001066 R0=001105 
001144: movb    (r0),r0                 [001105]=106 
001146: jsr     pc,001030               
001030: tstb    @#177564                [177564]=200 
001034: bpl     001030                  
001036: movb    r0,@#177566             R0=106 [177566] F
001042: rts     pc                      
001152: add     #000004,r3              [001154]=000004 R3=000000 
001156: sob     r2,001130               
001130: mov     r1,r0                   R1=177777 
001132: ash     r3,r0                   R3=000000 
001134: bic     #177760,r0              [001136]=177760 R0=000017 
001140: add     #001066,r0              [001142]=001066 R0=001105 
001144: movb    (r0),r0                 [001105]=106 
001146: jsr     pc,001030               
001030: tstb    @#177564                [177564]=200 
001034: bpl     001030                  
001036: movb    r0,@#177566             R0=106 [177566] F
001042: rts     pc                      
001152: add     #000004,r3              [001154]=000004 R3=000004 
001156: sob     r2,001130               
001160: mov     (sp)+,r3                [000770]=000000 
001162: mov     (sp)+,r2                [000772]=000000 
001164: mov     (sp)+,r1                [000774]=000206 
001166: rts     pc                      
001020: jsr     pc,001170               
001170: mov     #001224,r0              [001172]=001224 
001174: jsr     pc,001044               
001044: mov     r1,-(sp)                R1=000206 [000772] 
001046: mov     r0,r1                   R0=001224 
001050: movb    (r1)+,r0                [001224]=012 
001052: beq     001062                  
001054: jsr     pc,001030               
001030: tstb    @#177564                [177564]=200 
001034: bpl     001030                  
001036: movb    r0,@#177566             R0=012 [177566] 

001042: rts     pc                      
001060: br      001050                  
001050: movb    (r1)+,r0                [001225]=015 
001052: beq     001062                  
001054: jsr     pc,001030               
001030: tstb    @#177564                [177564]=200 
001034: bpl     001030                  
001036: movb    r0,@#177566             R0=015 [177566] 
001042: rts     pc                      
001060: br      001050                  
001050: movb    (r1)+,r0                [001226]=000 
001052: beq     001062                  
001062: mov     (sp)+,r1                [000772]=000206 
001064: rts     pc                      
001200: rts     pc                      
001024: br      001010                  
001010: mov     (r1)+,r0                [000206]=000001 
001012: beq     001026                  
001014: jsr     pc,001110               
001110: mov     r1,-(sp)                R1=000210 [000774] 
001112: mov     r2,-(sp)                R2=000000 [000772] 
001114: mov     r3,-(sp)                R3=000000 [000770] 
001116: mov     r0,r1                   R0=000001 
001120: mov     #000004,r2              [001122]=000004 
001124: mov     #177764,r3              [001126]=177764 
001130: mov     r1,r0                   R1=000001 
001132: ash     r3,r0                   R3=177764 
001134: bic     #177760,r0              [001136]=177760 R0=000000 
001140: add     #001066,r0              [001142]=001066 R0=001066 
001144: movb    (r0),r0                 [001066]=060 
001146: jsr     pc,001030               
001030: tstb    @#177564                [177564]=200 
001034: bpl     001030                  
001036: movb    r0,@#177566             R0=060 [177566] 0
001042: rts     pc                      
001152: add     #000004,r3              [001154]=000004 R3=177770 
001156: sob     r2,001130               
001130: mov     r1,r0                   R1=000001 
001132: ash     r3,r0                   R3=177770 
001134: bic     #177760,r0              [001136]=177760 R0=000000 
001140: add     #001066,r0              [001142]=001066 R0=001066 
001144: movb    (r0),r0                 [001066]=060 
001146: jsr     pc,001030               
001030: tstb    @#177564                [177564]=200 
001034: bpl     001030                  
001036: movb    r0,@#177566             R0=060 [177566] 0
001042: rts     pc                      
001152: add     #000004,r3              [001154]=000004 R3=177774 
001156: sob     r2,001130               
001130: mov     r1,r0                   R1=000001 
001132: ash     r3,r0                   R3=177774 
001134: bic     #177760,r0              [001136]=177760 R0=000000 
001140: add     #001066,r0              [001142]=001066 R0=001066 
001144: movb    (r0),r0                 [001066]=060 
001146: jsr     pc,001030               
001030: tstb    @#177564                [177564]=200 
001034: bpl     001030                  
001036: movb    r0,@#177566             R0=060 [177566] 0
001042: rts     pc                      
001152: add     #000004,r3              [001154]=000004 R3=000000 
001156: sob     r2,001130               
001130: mov     r1,r0                   R1=000001 
001132: ash     r3,r0                   R3=000000 
001134: bic     #177760,r0              [001136]=177760 R0=000001 
001140: add     #001066,r0              [001142]=001066 R0=001067 
001144: movb    (r0),r0                 [001067]=061 
001146: jsr     pc,001030               
001030: tstb    @#177564                [177564]=200 
001034: bpl     001030                  
001036: movb    r0,@#177566             R0=061 [177566] 1
001042: rts     pc                      
001152: add     #000004,r3              [001154]=000004 R3=000004 
001156: sob     r2,001130               
001160: mov     (sp)+,r3                [000770]=000000 
001162: mov     (sp)+,r2                [000772]=000000 
001164: mov     (sp)+,r1                [000774]=000210 
001166: rts     pc                      
001020: jsr     pc,001170               
001170: mov     #001224,r0              [001172]=001224 
001174: jsr     pc,001044               
001044: mov     r1,-(sp)                R1=000210 [000772] 
001046: mov     r0,r1                   R0=001224 
001050: movb    (r1)+,r0                [001224]=012 
001052: beq     001062                  
001054: jsr     pc,001030               
001030: tstb    @#177564                [177564]=200 
001034: bpl     001030                  
001036: movb    r0,@#177566             R0=012 [177566] 

001042: rts     pc                      
001060: br      001050                  
001050: movb    (r1)+,r0                [001225]=015 
001052: beq     001062                  
001054: jsr     pc,001030               
001030: tstb    @#177564                [177564]=200 
001034: bpl     001030                  
001036: movb    r0,@#177566             R0=015 [177566] 
001042: rts     pc                      
001060: br      001050                  
001050: movb    (r1)+,r0                [001226]=000 
001052: beq     001062                  
001062: mov     (sp)+,r1                [000772]=000210 
001064: rts     pc                      
001200: rts     pc                      
001024: br      001010                  
001010: mov     (r1)+,r0                [000210]=000010 
001012: beq     001026                  
001014: jsr     pc,001110               
001110: mov     r1,-(sp)                R1=000212 [000774] 
001112: mov     r2,-(sp)                R2=000000 [000772] 
001114: mov     r3,-(sp)                R3=000000 [000770] 
001116: mov     r0,r1                   R0=000010 
001120: mov     #000004,r2              [001122]=000004 
001124: mov     #177764,r3              [001126]=177764 
001130: mov     r1,r0                   R1=000010 
001132: ash     r3,r0                   R3=177764 
001134: bic     #177760,r0              [001136]=177760 R0=000000 
001140: add     #001066,r0              [001142]=001066 R0=001066 
001144: movb    (r0),r0                 [001066]=060 
001146: jsr     pc,001030               
001030: tstb    @#177564                [177564]=200 
001034: bpl     001030                  
001036: movb    r0,@#177566             R0=060 [177566] 0
001042: rts     pc                      
001152: add     #000004,r3              [001154]=000004 R3=177770 
001156: sob     r2,001130               
001130: mov     r1,r0                   R1=000010 
001132: ash     r3,r0                   R3=177770 
001134: bic     #177760,r0              [001136]=177760 R0=000000 
001140: add     #001066,r0              [001142]=001066 R0=001066 
001144: movb    (r0),r0                 [001066]=060 
001146: jsr     pc,001030               
001030: tstb    @#177564                [177564]=200 
001034: bpl     001030                  
001036: movb    r0,@#177566             R0=060 [177566] 0
001042: rts     pc                      
001152: add     #000004,r3              [001154]=000004 R3=177774 
001156: sob     r2,001130               
001130: mov     r1,r0                   R1=000010 
001132: ash     r3,r0                   R3=177774 
001134: bic     #177760,r0              [001136]=177760 R0=000000 
001140: add     #001066,r0              [001142]=001066 R0=001066 
001144: movb    (r0),r0                 [001066]=060 
001146: jsr     pc,001030               
001030: tstb    @#177564                [177564]=200 
001034: bpl     001030                  
001036: movb    r0,@#177566             R0=060 [177566] 0
001042: rts     pc                      
001152: add     #000004,r3              [001154]=000004 R3=000000 
001156: sob     r2,001130               
001130: mov     r1,r0                   R1=000010 
001132: ash     r3,r0                   R3=000000 
001134: bic     #177760,r0              [001136]=177760 R0=000010 
001140: add     #001066,r0              [001142]=001066 R0=001076 
001144: movb    (r0),r0                 [001076]=070 
001146: jsr     pc,001030               
001030: tstb    @#177564                [177564]=200 
001034: bpl     001030                  
001036: movb    r0,@#177566             R0=070 [177566] 8
001042: rts     pc                      
001152: add     #000004,r3              [001154]=000004 R3=000004 
001156: sob     r2,001130               
001160: mov     (sp)+,r3                [000770]=000000 
001162: mov     (sp)+,r2                [000772]=000000 
001164: mov     (sp)+,r1                [000774]=000212 
001166: rts     pc                      
001020: jsr     pc,001170               
001170: mov     #001224,r0              [001172]=001224 
001174: jsr     pc,001044               
001044: mov     r1,-(sp)                R1=000212 [000772] 
001046: mov     r0,r1                   R0=001224 
001050: movb    (r1)+,r0                [001224]=012 
001052: beq     001062                  
001054: jsr     pc,001030               
001030: tstb    @#177564                [177564]=200 
001034: bpl     001030                  
001036: movb    r0,@#177566             R0=012 [177566] 

001042: rts     pc                      
001060: br      001050                  
001050: movb    (r1)+,r0                [001225]=015 
001052: beq     001062                  
001054: jsr     pc,001030               
001030: tstb    @#177564                [177564]=200 
001034: bpl     001030                  
001036: movb    r0,@#177566             R0=015 [177566] 
001042: rts     pc                      
001060: br      001050                  
001050: movb    (r1)+,r0                [001226]=000 
001052: beq     001062                  
001062: mov     (sp)+,r1                [000772]=000212 
001064: rts     pc                      
001200: rts     pc                      
001024: br      001010                  
001010: mov     (r1)+,r0                [000212]=000040 
001012: beq     001026                  
001014: jsr     pc,001110               
001110: mov     r1,-(sp)                R1=000214 [000774] 
001112: mov     r2,-(sp)                R2=000000 [000772] 
001114: mov     r3,-(sp)                R3=000000 [000770] 
001116: mov     r0,r1                   R0=000040 
001120: mov     #000004,r2              [001122]=000004 
001124: mov     #177764,r3              [001126]=177764 
001130: mov     r1,r0                   R1=000040 
001132: ash     r3,r0                   R3=177764 
001134: bic     #177760,r0              [001136]=177760 R0=000000 
001140: add     #001066,r0              [001142]=001066 R0=001066 
001144: movb    (r0),r0                 [001066]=060 
001146: jsr     pc,001030               
001030: tstb    @#177564                [177564]=200 
001034: bpl     001030                  
001036: movb    r0,@#177566             R0=060 [177566] 0
001042: rts     pc                      
001152: add     #000004,r3              [001154]=000004 R3=177770 
001156: sob     r2,001130               
001130: mov     r1,r0                   R1=000040 
001132: ash     r3,r0                   R3=177770 
001134: bic     #177760,r0              [001136]=177760 R0=000000 
001140: add     #001066,r0              [001142]=001066 R0=001066 
001144: movb    (r0),r0                 [001066]=060 
001146: jsr     pc,001030               
001030: tstb    @#177564                [177564]=200 
001034: bpl     001030                  
001036: movb    r0,@#177566             R0=060 [177566] 0
001042: rts     pc                      
001152: add     #000004,r3              [001154]=000004 R3=177774 
001156: sob     r2,001130               
001130: mov     r1,r0                   R1=000040 
001132: ash     r3,r0                   R3=177774 
001134: bic     #177760,r0              [001136]=177760 R0=000002 
001140: add     #001066,r0              [001142]=001066 R0=001070 
001144: movb    (r0),r0                 [001070]=062 
001146: jsr     pc,001030               
001030: tstb    @#177564                [177564]=200 
001034: bpl     001030                  
001036: movb    r0,@#177566             R0=062 [177566] 2
001042: rts     pc                      
001152: add     #000004,r3              [001154]=000004 R3=000000 
001156: sob     r2,001130               
001130: mov     r1,r0                   R1=000040 
001132: ash     r3,r0                   R3=000000 
001134: bic     #177760,r0              [001136]=177760 R0=000000 
001140: add     #001066,r0              [001142]=001066 R0=001066 
001144: movb    (r0),r0                 [001066]=060 
001146: jsr     pc,001030               
001030: tstb    @#177564                [177564]=200 
001034: bpl     001030                  
001036: movb    r0,@#177566             R0=060 [177566] 0
001042: rts     pc                      
001152: add     #000004,r3              [001154]=000004 R3=000004 
001156: sob     r2,001130               
001160: mov     (sp)+,r3                [000770]=000000 
001162: mov     (sp)+,r2                [000772]=000000 
001164: mov     (sp)+,r1                [000774]=000214 
001166: rts     pc                      
001020: jsr     pc,001170               
001170: mov     #001224,r0              [001172]=001224 
001174: jsr     pc,001044               
001044: mov     r1,-(sp)                R1=000214 [000772] 
001046: mov     r0,r1                   R0=001224 
001050: movb    (r1)+,r0                [001224]=012 
001052: beq     001062                  
001054: jsr     pc,001030               
001030: tstb    @#177564                [177564]=200 
001034: bpl     001030                  
001036: movb    r0,@#177566             R0=012 [177566] 

001042: rts     pc                      
001060: br      001050                  
001050: movb    (r1)+,r0                [001225]=015 
001052: beq     001062                  
001054: jsr     pc,001030               
001030: tstb    @#177564                [177564]=200 
001034: bpl     001030                  
001036: movb    r0,@#177566             R0=015 [177566] 
001042: rts     pc                      
001060: br      001050                  
001050: movb    (r1)+,r0                [001226]=000 
001052: beq     001062                  
001062: mov     (sp)+,r1                [000772]=000214 
001064: rts     pc                      
001200: rts     pc                      
001024: br      001010                  
001010: mov     (r1)+,r0                [000214]=001000 
001012: beq     001026                  
001014: jsr     pc,001110               
001110: mov     r1,-(sp)                R1=000216 [000774] 
001112: mov     r2,-(sp)                R2=000000 [000772] 
001114: mov     r3,-(sp)                R3=000000 [000770] 
001116: mov     r0,r1                   R0=001000 
001120: mov     #000004,r2              [001122]=000004 
001124: mov     #177764,r3              [001126]=177764 
001130: mov     r1,r0                   R1=001000 
001132: ash     r3,r0                   R3=177764 
001134: bic     #177760,r0              [001136]=177760 R0=000000 
001140: add     #001066,r0              [001142]=001066 R0=001066 
001144: movb    (r0),r0                 [001066]=060 
001146: jsr     pc,001030               
001030: tstb    @#177564                [177564]=200 
001034: bpl     001030                  
001036: movb    r0,@#177566             R0=060 [177566] 0
001042: rts     pc                      
001152: add     #000004,r3              [001154]=000004 R3=177770 
001156: sob     r2,001130               
001130: mov     r1,r0                   R1=001000 
001132: ash     r3,r0                   R3=177770 
001134: bic     #177760,r0              [001136]=177760 R0=000002 
001140: add     #001066,r0              [001142]=001066 R0=001070 
001144: movb    (r0),r0                 [001070]=062 
001146: jsr     pc,001030               
001030: tstb    @#177564                [177564]=200 
001034: bpl     001030                  
001036: movb    r0,@#177566             R0=062 [177566] 2
001042: rts     pc                      
001152: add     #000004,r3              [001154]=000004 R3=177774 
001156: sob     r2,001130               
001130: mov     r1,r0                   R1=001000 
001132: ash     r3,r0                   R3=177774 
001134: bic     #177760,r0              [001136]=177760 R0=000000 
001140: add     #001066,r0              [001142]=001066 R0=001066 
001144: movb    (r0),r0                 [001066]=060 
001146: jsr     pc,001030               
001030: tstb    @#177564                [177564]=200 
001034: bpl     001030                  
001036: movb    r0,@#177566             R0=060 [177566] 0
001042: rts     pc                      
001152: add     #000004,r3              [001154]=000004 R3=000000 
001156: sob     r2,001130               
001130: mov     r1,r0                   R1=001000 
001132: ash     r3,r0                   R3=000000 
001134: bic     #177760,r0              [001136]=177760 R0=000000 
001140: add     #001066,r0              [001142]=001066 R0=001066 
001144: movb    (r0),r0                 [001066]=060 
001146: jsr     pc,001030               
001030: tstb    @#177564                [177564]=200 
001034: bpl     001030                  
001036: movb    r0,@#177566             R0=060 [177566] 0
001042: rts     pc                      
001152: add     #000004,r3              [001154]=000004 R3=000004 
001156: sob     r2,001130               
001160: mov     (sp)+,r3                [000770]=000000 
001162: mov     (sp)+,r2                [000772]=000000 
001164: mov     (sp)+,r1                [000774]=000216 
001166: rts     pc                      
001020: jsr     pc,001170               
001170: mov     #001224,r0              [001172]=001224 
001174: jsr     pc,001044               
001044: mov     r1,-(sp)                R1=000216 [000772] 
001046: mov     r0,r1                   R0=001224 
001050: movb    (r1)+,r0                [001224]=012 
001052: beq     001062                  
001054: jsr     pc,001030               
001030: tstb    @#177564                [177564]=200 
001034: bpl     001030                  
001036: movb    r0,@#177566             R0=012 [177566] 

001042: rts     pc                      
001060: br      001050                  
001050: movb    (r1)+,r0                [001225]=015 
001052: beq     001062                  
001054: jsr     pc,001030               
001030: tstb    @#177564                [177564]=200 
001034: bpl     001030                  
001036: movb    r0,@#177566             R0=015 [177566] 
001042: rts     pc                      
001060: br      001050                  
001050: movb    (r1)+,r0                [001226]=000 
001052: beq     001062                  
001062: mov     (sp)+,r1                [000772]=000216 
001064: rts     pc                      
001200: rts     pc                      
001024: br      001010                  
001010: mov     (r1)+,r0                [000216]=100000 
001012: beq     001026                  
001014: jsr     pc,001110               
001110: mov     r1,-(sp)                R1=000220 [000774] 
001112: mov     r2,-(sp)                R2=000000 [000772] 
001114: mov     r3,-(sp)                R3=000000 [000770] 
001116: mov     r0,r1                   R0=100000 
001120: mov     #000004,r2              [001122]=000004 
001124: mov     #177764,r3              [001126]=177764 
001130: mov     r1,r0                   R1=100000 
001132: ash     r3,r0                   R3=177764 
001134: bic     #177760,r0              [001136]=177760 R0=000010 
001140: add     #001066,r0              [001142]=001066 R0=001076 
001144: movb    (r0),r0                 [001076]=070 
001146: jsr     pc,001030               
001030: tstb    @#177564                [177564]=200 
001034: bpl     001030                  
001036: movb    r0,@#177566             R0=070 [177566] 8
001042: rts     pc                      
001152: add     #000004,r3              [001154]=000004 R3=177770 
001156: sob     r2,001130               
001130: mov     r1,r0                   R1=100000 
001132: ash     r3,r0                   R3=177770 
001134: bic     #177760,r0              [001136]=177760 R0=000000 
001140: add     #001066,r0              [001142]=001066 R0=001066 
001144: movb    (r0),r0                 [001066]=060 
001146: jsr     pc,001030               
001030: tstb    @#177564                [177564]=200 
001034: bpl     001030                  
001036: movb    r0,@#177566             R0=060 [177566] 0
001042: rts     pc                      
001152: add     #000004,r3              [001154]=000004 R3=177774 
001156: sob     r2,001130               
001130: mov     r1,r0                   R1=100000 
001132: ash     r3,r0                   R3=177774 
001134: bic     #177760,r0              [001136]=177760 R0=000000 
001140: add     #001066,r0              [001142]=001066 R0=001066 
001144: movb    (r0),r0                 [001066]=060 
001146: jsr     pc,001030               
001030: tstb    @#177564                [177564]=200 
001034: bpl     001030                  
001036: movb    r0,@#177566             R0=060 [177566] 0
001042: rts     pc                      
001152: add     #000004,r3              [001154]=000004 R3=000000 
001156: sob     r2,001130               
001130: mov     r1,r0                   R1=100000 
001132: ash     r3,r0                   R3=000000 
001134: bic     #177760,r0              [001136]=177760 R0=000000 
001140: add     #001066,r0              [001142]=001066 R0=001066 
001144: movb    (r0),r0                 [001066]=060 
001146: jsr     pc,001030               
001030: tstb    @#177564                [177564]=200 
001034: bpl     001030                  
001036: movb    r0,@#177566             R0=060 [177566] 0
001042: rts     pc                      
001152: add     #000004,r3              [001154]=000004 R3=000004 
001156: sob     r2,001130               
001160: mov     (sp)+,r3                [000770]=000000 
001162: mov     (sp)+,r2                [000772]=000000 
001164: mov     (sp)+,r1                [000774]=000220 
001166: rts     pc                      
001020: jsr     pc,001170               
001170: mov     #001224,r0              [001172]=001224 
001174: jsr     pc,001044               
001044: mov     r1,-(sp)                R1=000220 [000772] 
001046: mov     r0,r1                   R0=001224 
001050: movb    (r1)+,r0                [001224]=012 
001052: beq     001062                  
001054: jsr     pc,001030               
001030: tstb    @#177564                [177564]=200 
001034: bpl     001030                  
001036: movb    r0,@#177566             R0=012 [177566] 

001042: rts     pc                      
001060: br      001050                  
001050: movb    (r1)+,r0                [001225]=015 
001052: beq     001062                  
001054: jsr     pc,001030               
001030: tstb    @#177564                [177564]=200 
001034: bpl     001030                  
001036: movb    r0,@#177566             R0=015 [177566] 
001042: rts     pc                      
001060: br      001050                  
001050: movb    (r1)+,r0                [001226]=000 
001052: beq     001062                  
001062: mov     (sp)+,r1                [000772]=000220 
001064: rts     pc                      
001200: rts     pc                      
001024: br      001010                  
001010: mov     (r1)+,r0                [000220]=006543 
001012: beq     001026                  
001014: jsr     pc,001110               
001110: mov     r1,-(sp)                R1=000222 [000774] 
001112: mov     r2,-(sp)                R2=000000 [000772] 
001114: mov     r3,-(sp)                R3=000000 [000770] 
001116: mov     r0,r1                   R0=006543 
001120: mov     #000004,r2              [001122]=000004 
001124: mov     #177764,r3              [001126]=177764 
001130: mov     r1,r0                   R1=006543 
001132: ash     r3,r0                   R3=177764 
001134: bic     #177760,r0              [001136]=177760 R0=000000 
001140: add     #001066,r0              [001142]=001066 R0=001066 
001144: movb    (r0),r0                 [001066]=060 
001146: jsr     pc,001030               
001030: tstb    @#177564                [177564]=200 
001034: bpl     001030                  
001036: movb    r0,@#177566             R0=060 [177566] 0
001042: rts     pc                      
001152: add     #000004,r3              [001154]=000004 R3=177770 
001156: sob     r2,001130               
001130: mov     r1,r0                   R1=006543 
001132: ash     r3,r0                   R3=177770 
001134: bic     #177760,r0              [001136]=177760 R0=000015 
001140: add     #001066,r0              [001142]=001066 R0=001103 
001144: movb    (r0),r0                 [001103]=104 
001146: jsr     pc,001030               
001030: tstb    @#177564                [177564]=200 
001034: bpl     001030                  
001036: movb    r0,@#177566             R0=104 [177566] D
001042: rts     pc                      
001152: add     #000004,r3              [001154]=000004 R3=177774 
001156: sob     r2,001130               
001130: mov     r1,r0                   R1=006543 
001132: ash     r3,r0                   R3=177774 
001134: bic     #177760,r0              [001136]=177760 R0=000006 
001140: add     #001066,r0              [001142]=001066 R0=001074 
001144: movb    (r0),r0                 [001074]=066 
001146: jsr     pc,001030               
001030: tstb    @#177564                [177564]=200 
001034: bpl     001030                  
001036: movb    r0,@#177566             R0=066 [177566] 6
001042: rts     pc                      
001152: add     #000004,r3              [001154]=000004 R3=000000 
001156: sob     r2,001130               
001130: mov     r1,r0                   R1=006543 
001132: ash     r3,r0                   R3=000000 
001134: bic     #177760,r0              [001136]=177760 R0=000003 
001140: add     #001066,r0              [001142]=001066 R0=001071 
001144: movb    (r0),r0                 [001071]=063 
001146: jsr     pc,001030               
001030: tstb    @#177564                [177564]=200 
001034: bpl     001030                  
001036: movb    r0,@#177566             R0=063 [177566] 3
001042: rts     pc                      
001152: add     #000004,r3              [001154]=000004 R3=000004 
001156: sob     r2,001130               
001160: mov     (sp)+,r3                [000770]=000000 
001162: mov     (sp)+,r2                [000772]=000000 
001164: mov     (sp)+,r1                [000774]=000222 
001166: rts     pc                      
001020: jsr     pc,001170               
001170: mov     #001224,r0              [001172]=001224 
001174: jsr     pc,001044               
001044: mov     r1,-(sp)                R1=000222 [000772] 
001046: mov     r0,r1                   R0=001224 
001050: movb    (r1)+,r0                [001224]=012 
001052: beq     001062                  
001054: jsr     pc,001030               
001030: tstb    @#177564                [177564]=200 
001034: bpl     001030                  
001036: movb    r0,@#177566             R0=012 [177566] 

001042: rts     pc                      
001060: br      001050                  
001050: movb    (r1)+,r0                [001225]=015 
001052: beq     001062                  
001054: jsr     pc,001030               
001030: tstb    @#177564                [177564]=200 
001034: bpl     001030                  
001036: movb    r0,@#177566             R0=015 [177566] 
001042: rts     pc                      
001060: br      001050                  
001050: movb    (r1)+,r0                [001226]=000 
001052: beq     001062                  
001062: mov     (sp)+,r1                [000772]=000222 
001064: rts     pc                      
001200: rts     pc                      
001024: br      001010                  
001010: mov     (r1)+,r0                [000222]=000000 
001012: beq     001026                  
001026: halt                            

---------------- halted ---------------
r0=000000 r2=000000 r4=000000 sp=001000
r1=000224 r3=000000 r5=000000 pc=001030
psw=000004: cm=k pm=k pri=0    z   [797]
