
---------------- running --------------
001000: mov     #001000,sp              [001002]=001000 
001004: mov     #000100,r2              [001006]=000100 
001010: clr     r0                      
001012: jsr     pc,001020               
001020: mov     (r2)+,r3                [000100]=000034 
001022: beq     001032                  
001024: add     r3,r0                   R3=000034 R0=000034 
001026: jsr     pc,001020               
001020: mov     (r2)+,r3                [000102]=000012 
001022: beq     001032                  
001024: add     r3,r0                   R3=000012 R0=000046 
001026: jsr     pc,001020               
001020: mov     (r2)+,r3                [000104]=177777 
001022: beq     001032                  
001024: add     r3,r0                   R3=177777 R0=000045 
001026: jsr     pc,001020               
001020: mov     (r2)+,r3                [000106]=000066 
001022: beq     001032                  
001024: add     r3,r0                   R3=000066 R0=000133 
001026: jsr     pc,001020               
001020: mov     (r2)+,r3                [000110]=000000 
001022: beq     001032                  
001032: rts     pc                      
001032: rts     pc                      
001032: rts     pc                      
001032: rts     pc                      
001032: rts     pc                      
001016: halt                            

---------------- halted ---------------
r0=000133 r2=000112 r4=000000 sp=001000
r1=000000 r3=000000 r5=000000 pc=001020
psw=000004: cm=k pm=k pri=0    z   [28]
