
---------------- running --------------
001000: mov     #000004,r1              [001002]=000004 
001004: mov     #000100,r2              [001006]=000100 
001010: clr     r0                      
001012: mov     (r2)+,r3                [000100]=000034 
001014: add     r3,r0                   R3=000034 R0=000034 
001016: sob     r1,001012               
001012: mov     (r2)+,r3                [000102]=000012 
001014: add     r3,r0                   R3=000012 R0=000046 
001016: sob     r1,001012               
001012: mov     (r2)+,r3                [000104]=177777 
001014: add     r3,r0                   R3=177777 R0=000045 
001016: sob     r1,001012               
001012: mov     (r2)+,r3                [000106]=000066 
001014: add     r3,r0                   R3=000066 R0=000133 
001016: sob     r1,001012               
001020: halt                            

---------------- halted ---------------
r0=000133 r2=000110 r4=000000 sp=000000
r1=000000 r3=000066 r5=000000 pc=001022
psw=000000: cm=k pm=k pri=0        [16]
