
---------------- running --------------
001000: mov     #000200,r1              [001002]=000200 
001004: movb    (r1)+,r0                [000200]=110 
001006: beq     001024                  
001010: tstb    @#177564                [177564]=200 
001014: bpl     001010                  
001016: movb    r0,@#177566             R0=110 [177566] 
001022: br      001004                  
001004: movb    (r1)+,r0                [000201]=145 
001006: beq     001024                  
001010: tstb    @#177564                [177564]=200 
001014: bpl     001010                  
001016: movb    r0,@#177566             R0=145 [177566] 
001022: br      001004                  
001004: movb    (r1)+,r0                [000202]=154 
001006: beq     001024                  
001010: tstb    @#177564                [177564]=200 
001014: bpl     001010                  
001016: movb    r0,@#177566             R0=154 [177566] 
001022: br      001004                  
001004: movb    (r1)+,r0                [000203]=154 
001006: beq     001024                  
001010: tstb    @#177564                [177564]=200 
001014: bpl     001010                  
001016: movb    r0,@#177566             R0=154 [177566] 
001022: br      001004                  
001004: movb    (r1)+,r0                [000204]=157 
001006: beq     001024                  
001010: tstb    @#177564                [177564]=200 
001014: bpl     001010                  
001016: movb    r0,@#177566             R0=157 [177566] 
001022: br      001004                  
001004: movb    (r1)+,r0                [000205]=054 
001006: beq     001024                  
001010: tstb    @#177564                [177564]=200 
001014: bpl     001010                  
001016: movb    r0,@#177566             R0=054 [177566] 
001022: br      001004                  
001004: movb    (r1)+,r0                [000206]=040 
001006: beq     001024                  
001010: tstb    @#177564                [177564]=200 
001014: bpl     001010                  
001016: movb    r0,@#177566             R0=040 [177566] 
001022: br      001004                  
001004: movb    (r1)+,r0                [000207]=167 
001006: beq     001024                  
001010: tstb    @#177564                [177564]=200 
001014: bpl     001010                  
001016: movb    r0,@#177566             R0=167 [177566] 
001022: br      001004                  
001004: movb    (r1)+,r0                [000210]=157 
001006: beq     001024                  
001010: tstb    @#177564                [177564]=200 
001014: bpl     001010                  
001016: movb    r0,@#177566             R0=157 [177566] 
001022: br      001004                  
001004: movb    (r1)+,r0                [000211]=162 
001006: beq     001024                  
001010: tstb    @#177564                [177564]=200 
001014: bpl     001010                  
001016: movb    r0,@#177566             R0=162 [177566] 
001022: br      001004                  
001004: movb    (r1)+,r0                [000212]=154 
001006: beq     001024                  
001010: tstb    @#177564                [177564]=200 
001014: bpl     001010                  
001016: movb    r0,@#177566             R0=154 [177566] 
001022: br      001004                  
001004: movb    (r1)+,r0                [000213]=144 
001006: beq     001024                  
001010: tstb    @#177564                [177564]=200 
001014: bpl     001010                  
001016: movb    r0,@#177566             R0=144 [177566] 
001022: br      001004                  
001004: movb    (r1)+,r0                [000214]=041 
001006: beq     001024                  
001010: tstb    @#177564                [177564]=200 
001014: bpl     001010                  
001016: movb    r0,@#177566             R0=041 [177566] 
001022: br      001004                  
001004: movb    (r1)+,r0                [000215]=000 
001006: beq     001024                  
001024: halt                            

---------------- halted ---------------
r0=000000 r2=000000 r4=000000 sp=000000
r1=000216 r3=000000 r5=000000 pc=001026
psw=000004: cm=k pm=k pri=0    z   [82]
