      1 [main] pdp11 8788 find_fast_cwd: WARNING: Couldn't compute FAST_CWD pointer.  Please report this problem to
the public mailing list cygwin@cygwin.com

---------------- running --------------
001000: mov     #000200,r5              [001002]=000200 
001004: mov     (r5)+,r0                [000200]=131313 
001006: beq     001102                  
001010: mov     r0,r1                   R0=131313 
001012: mov     #000020,r2              [001014]=000020 
001016: mov     r1,r0                   R1=131313 
001020: mov     #000060,r0              [001022]=000060 
001024: tst     r1                      R1=131313 
001026: bpl     001032                  
001030: inc     r0                      R0=000061 
001032: tstb    @#177564                [177564]=200 
001036: bpl     001032                  
001040: movb    r0,@#177566             R0=061 [177566] 1
001044: rol     r1                      R1=062626 
001046: sob     r2,001020               
001020: mov     #000060,r0              [001022]=000060 
001024: tst     r1                      R1=062626 
001026: bpl     001032                  
001032: tstb    @#177564                [177564]=200 
001036: bpl     001032                  
001040: movb    r0,@#177566             R0=060 [177566] 0
001044: rol     r1                      R1=145454 
001046: sob     r2,001020               
001020: mov     #000060,r0              [001022]=000060 
001024: tst     r1                      R1=145454 
001026: bpl     001032                  
001030: inc     r0                      R0=000061 
001032: tstb    @#177564                [177564]=200 
001036: bpl     001032                  
001040: movb    r0,@#177566             R0=061 [177566] 1
001044: rol     r1                      R1=113130 
001046: sob     r2,001020               
001020: mov     #000060,r0              [001022]=000060 
001024: tst     r1                      R1=113130 
001026: bpl     001032                  
001030: inc     r0                      R0=000061 
001032: tstb    @#177564                [177564]=200 
001036: bpl     001032                  
001040: movb    r0,@#177566             R0=061 [177566] 1
001044: rol     r1                      R1=026260 
001046: sob     r2,001020               
001020: mov     #000060,r0              [001022]=000060 
001024: tst     r1                      R1=026260 
001026: bpl     001032                  
001032: tstb    @#177564                [177564]=200 
001036: bpl     001032                  
001040: movb    r0,@#177566             R0=060 [177566] 0
001044: rol     r1                      R1=054540 
001046: sob     r2,001020               
001020: mov     #000060,r0              [001022]=000060 
001024: tst     r1                      R1=054540 
001026: bpl     001032                  
001032: tstb    @#177564                [177564]=200 
001036: bpl     001032                  
001040: movb    r0,@#177566             R0=060 [177566] 0
001044: rol     r1                      R1=131300 
001046: sob     r2,001020               
001020: mov     #000060,r0              [001022]=000060 
001024: tst     r1                      R1=131300 
001026: bpl     001032                  
001030: inc     r0                      R0=000061 
001032: tstb    @#177564                [177564]=200 
001036: bpl     001032                  
001040: movb    r0,@#177566             R0=061 [177566] 1
001044: rol     r1                      R1=062600 
001046: sob     r2,001020               
001020: mov     #000060,r0              [001022]=000060 
001024: tst     r1                      R1=062600 
001026: bpl     001032                  
001032: tstb    @#177564                [177564]=200 
001036: bpl     001032                  
001040: movb    r0,@#177566             R0=060 [177566] 0
001044: rol     r1                      R1=145400 
001046: sob     r2,001020               
001020: mov     #000060,r0              [001022]=000060 
001024: tst     r1                      R1=145400 
001026: bpl     001032                  
001030: inc     r0                      R0=000061 
001032: tstb    @#177564                [177564]=200 
001036: bpl     001032                  
001040: movb    r0,@#177566             R0=061 [177566] 1
001044: rol     r1                      R1=113000 
001046: sob     r2,001020               
001020: mov     #000060,r0              [001022]=000060 
001024: tst     r1                      R1=113000 
001026: bpl     001032                  
001030: inc     r0                      R0=000061 
001032: tstb    @#177564                [177564]=200 
001036: bpl     001032                  
001040: movb    r0,@#177566             R0=061 [177566] 1
001044: rol     r1                      R1=026000 
001046: sob     r2,001020               
001020: mov     #000060,r0              [001022]=000060 
001024: tst     r1                      R1=026000 
001026: bpl     001032                  
001032: tstb    @#177564                [177564]=200 
001036: bpl     001032                  
001040: movb    r0,@#177566             R0=060 [177566] 0
001044: rol     r1                      R1=054000 
001046: sob     r2,001020               
001020: mov     #000060,r0              [001022]=000060 
001024: tst     r1                      R1=054000 
001026: bpl     001032                  
001032: tstb    @#177564                [177564]=200 
001036: bpl     001032                  
001040: movb    r0,@#177566             R0=060 [177566] 0
001044: rol     r1                      R1=130000 
001046: sob     r2,001020               
001020: mov     #000060,r0              [001022]=000060 
001024: tst     r1                      R1=130000 
001026: bpl     001032                  
001030: inc     r0                      R0=000061 
001032: tstb    @#177564                [177564]=200 
001036: bpl     001032                  
001040: movb    r0,@#177566             R0=061 [177566] 1
001044: rol     r1                      R1=060000 
001046: sob     r2,001020               
001020: mov     #000060,r0              [001022]=000060 
001024: tst     r1                      R1=060000 
001026: bpl     001032                  
001032: tstb    @#177564                [177564]=200 
001036: bpl     001032                  
001040: movb    r0,@#177566             R0=060 [177566] 0
001044: rol     r1                      R1=140000 
001046: sob     r2,001020               
001020: mov     #000060,r0              [001022]=000060 
001024: tst     r1                      R1=140000 
001026: bpl     001032                  
001030: inc     r0                      R0=000061 
001032: tstb    @#177564                [177564]=200 
001036: bpl     001032                  
001040: movb    r0,@#177566             R0=061 [177566] 1
001044: rol     r1                      R1=100000 
001046: sob     r2,001020               
001020: mov     #000060,r0              [001022]=000060 
001024: tst     r1                      R1=100000 
001026: bpl     001032                  
001030: inc     r0                      R0=000061 
001032: tstb    @#177564                [177564]=200 
001036: bpl     001032                  
001040: movb    r0,@#177566             R0=061 [177566] 1
001044: rol     r1                      R1=000000 
001046: sob     r2,001020               
001050: tstb    @#177564                [177564]=200 
001054: bpl     001050                  
001056: movb    #000012,@#177566        [001060]=012 [177566] 

001064: tstb    @#177564                [177564]=200 
001070: bpl     001064                  
001072: movb    #000015,@#177566        [001074]=015 [177566] 
001100: br      001004                  
001004: mov     (r5)+,r0                [000202]=000001 
001006: beq     001102                  
001010: mov     r0,r1                   R0=000001 
001012: mov     #000020,r2              [001014]=000020 
001016: mov     r1,r0                   R1=000001 
001020: mov     #000060,r0              [001022]=000060 
001024: tst     r1                      R1=000001 
001026: bpl     001032                  
001032: tstb    @#177564                [177564]=200 
001036: bpl     001032                  
001040: movb    r0,@#177566             R0=060 [177566] 0
001044: rol     r1                      R1=000002 
001046: sob     r2,001020               
001020: mov     #000060,r0              [001022]=000060 
001024: tst     r1                      R1=000002 
001026: bpl     001032                  
001032: tstb    @#177564                [177564]=200 
001036: bpl     001032                  
001040: movb    r0,@#177566             R0=060 [177566] 0
001044: rol     r1                      R1=000004 
001046: sob     r2,001020               
001020: mov     #000060,r0              [001022]=000060 
001024: tst     r1                      R1=000004 
001026: bpl     001032                  
001032: tstb    @#177564                [177564]=200 
001036: bpl     001032                  
001040: movb    r0,@#177566             R0=060 [177566] 0
001044: rol     r1                      R1=000010 
001046: sob     r2,001020               
001020: mov     #000060,r0              [001022]=000060 
001024: tst     r1                      R1=000010 
001026: bpl     001032                  
001032: tstb    @#177564                [177564]=200 
001036: bpl     001032                  
001040: movb    r0,@#177566             R0=060 [177566] 0
001044: rol     r1                      R1=000020 
001046: sob     r2,001020               
001020: mov     #000060,r0              [001022]=000060 
001024: tst     r1                      R1=000020 
001026: bpl     001032                  
001032: tstb    @#177564                [177564]=200 
001036: bpl     001032                  
001040: movb    r0,@#177566             R0=060 [177566] 0
001044: rol     r1                      R1=000040 
001046: sob     r2,001020               
001020: mov     #000060,r0              [001022]=000060 
001024: tst     r1                      R1=000040 
001026: bpl     001032                  
001032: tstb    @#177564                [177564]=200 
001036: bpl     001032                  
001040: movb    r0,@#177566             R0=060 [177566] 0
001044: rol     r1                      R1=000100 
001046: sob     r2,001020               
001020: mov     #000060,r0              [001022]=000060 
001024: tst     r1                      R1=000100 
001026: bpl     001032                  
001032: tstb    @#177564                [177564]=200 
001036: bpl     001032                  
001040: movb    r0,@#177566             R0=060 [177566] 0
001044: rol     r1                      R1=000200 
001046: sob     r2,001020               
001020: mov     #000060,r0              [001022]=000060 
001024: tst     r1                      R1=000200 
001026: bpl     001032                  
001032: tstb    @#177564                [177564]=200 
001036: bpl     001032                  
001040: movb    r0,@#177566             R0=060 [177566] 0
001044: rol     r1                      R1=000400 
001046: sob     r2,001020               
001020: mov     #000060,r0              [001022]=000060 
001024: tst     r1                      R1=000400 
001026: bpl     001032                  
001032: tstb    @#177564                [177564]=200 
001036: bpl     001032                  
001040: movb    r0,@#177566             R0=060 [177566] 0
001044: rol     r1                      R1=001000 
001046: sob     r2,001020               
001020: mov     #000060,r0              [001022]=000060 
001024: tst     r1                      R1=001000 
001026: bpl     001032                  
001032: tstb    @#177564                [177564]=200 
001036: bpl     001032                  
001040: movb    r0,@#177566             R0=060 [177566] 0
001044: rol     r1                      R1=002000 
001046: sob     r2,001020               
001020: mov     #000060,r0              [001022]=000060 
001024: tst     r1                      R1=002000 
001026: bpl     001032                  
001032: tstb    @#177564                [177564]=200 
001036: bpl     001032                  
001040: movb    r0,@#177566             R0=060 [177566] 0
001044: rol     r1                      R1=004000 
001046: sob     r2,001020               
001020: mov     #000060,r0              [001022]=000060 
001024: tst     r1                      R1=004000 
001026: bpl     001032                  
001032: tstb    @#177564                [177564]=200 
001036: bpl     001032                  
001040: movb    r0,@#177566             R0=060 [177566] 0
001044: rol     r1                      R1=010000 
001046: sob     r2,001020               
001020: mov     #000060,r0              [001022]=000060 
001024: tst     r1                      R1=010000 
001026: bpl     001032                  
001032: tstb    @#177564                [177564]=200 
001036: bpl     001032                  
001040: movb    r0,@#177566             R0=060 [177566] 0
001044: rol     r1                      R1=020000 
001046: sob     r2,001020               
001020: mov     #000060,r0              [001022]=000060 
001024: tst     r1                      R1=020000 
001026: bpl     001032                  
001032: tstb    @#177564                [177564]=200 
001036: bpl     001032                  
001040: movb    r0,@#177566             R0=060 [177566] 0
001044: rol     r1                      R1=040000 
001046: sob     r2,001020               
001020: mov     #000060,r0              [001022]=000060 
001024: tst     r1                      R1=040000 
001026: bpl     001032                  
001032: tstb    @#177564                [177564]=200 
001036: bpl     001032                  
001040: movb    r0,@#177566             R0=060 [177566] 0
001044: rol     r1                      R1=100000 
001046: sob     r2,001020               
001020: mov     #000060,r0              [001022]=000060 
001024: tst     r1                      R1=100000 
001026: bpl     001032                  
001030: inc     r0                      R0=000061 
001032: tstb    @#177564                [177564]=200 
001036: bpl     001032                  
001040: movb    r0,@#177566             R0=061 [177566] 1
001044: rol     r1                      R1=000000 
001046: sob     r2,001020               
001050: tstb    @#177564                [177564]=200 
001054: bpl     001050                  
001056: movb    #000012,@#177566        [001060]=012 [177566] 

001064: tstb    @#177564                [177564]=200 
001070: bpl     001064                  
001072: movb    #000015,@#177566        [001074]=015 [177566] 
001100: br      001004                  
001004: mov     (r5)+,r0                [000204]=000002 
001006: beq     001102                  
001010: mov     r0,r1                   R0=000002 
001012: mov     #000020,r2              [001014]=000020 
001016: mov     r1,r0                   R1=000002 
001020: mov     #000060,r0              [001022]=000060 
001024: tst     r1                      R1=000002 
001026: bpl     001032                  
001032: tstb    @#177564                [177564]=200 
001036: bpl     001032                  
001040: movb    r0,@#177566             R0=060 [177566] 0
001044: rol     r1                      R1=000004 
001046: sob     r2,001020               
001020: mov     #000060,r0              [001022]=000060 
001024: tst     r1                      R1=000004 
001026: bpl     001032                  
001032: tstb    @#177564                [177564]=200 
001036: bpl     001032                  
001040: movb    r0,@#177566             R0=060 [177566] 0
001044: rol     r1                      R1=000010 
001046: sob     r2,001020               
001020: mov     #000060,r0              [001022]=000060 
001024: tst     r1                      R1=000010 
001026: bpl     001032                  
001032: tstb    @#177564                [177564]=200 
001036: bpl     001032                  
001040: movb    r0,@#177566             R0=060 [177566] 0
001044: rol     r1                      R1=000020 
001046: sob     r2,001020               
001020: mov     #000060,r0              [001022]=000060 
001024: tst     r1                      R1=000020 
001026: bpl     001032                  
001032: tstb    @#177564                [177564]=200 
001036: bpl     001032                  
001040: movb    r0,@#177566             R0=060 [177566] 0
001044: rol     r1                      R1=000040 
001046: sob     r2,001020               
001020: mov     #000060,r0              [001022]=000060 
001024: tst     r1                      R1=000040 
001026: bpl     001032                  
001032: tstb    @#177564                [177564]=200 
001036: bpl     001032                  
001040: movb    r0,@#177566             R0=060 [177566] 0
001044: rol     r1                      R1=000100 
001046: sob     r2,001020               
001020: mov     #000060,r0              [001022]=000060 
001024: tst     r1                      R1=000100 
001026: bpl     001032                  
001032: tstb    @#177564                [177564]=200 
001036: bpl     001032                  
001040: movb    r0,@#177566             R0=060 [177566] 0
001044: rol     r1                      R1=000200 
001046: sob     r2,001020               
001020: mov     #000060,r0              [001022]=000060 
001024: tst     r1                      R1=000200 
001026: bpl     001032                  
001032: tstb    @#177564                [177564]=200 
001036: bpl     001032                  
001040: movb    r0,@#177566             R0=060 [177566] 0
001044: rol     r1                      R1=000400 
001046: sob     r2,001020               
001020: mov     #000060,r0              [001022]=000060 
001024: tst     r1                      R1=000400 
001026: bpl     001032                  
001032: tstb    @#177564                [177564]=200 
001036: bpl     001032                  
001040: movb    r0,@#177566             R0=060 [177566] 0
001044: rol     r1                      R1=001000 
001046: sob     r2,001020               
001020: mov     #000060,r0              [001022]=000060 
001024: tst     r1                      R1=001000 
001026: bpl     001032                  
001032: tstb    @#177564                [177564]=200 
001036: bpl     001032                  
001040: movb    r0,@#177566             R0=060 [177566] 0
001044: rol     r1                      R1=002000 
001046: sob     r2,001020               
001020: mov     #000060,r0              [001022]=000060 
001024: tst     r1                      R1=002000 
001026: bpl     001032                  
001032: tstb    @#177564                [177564]=200 
001036: bpl     001032                  
001040: movb    r0,@#177566             R0=060 [177566] 0
001044: rol     r1                      R1=004000 
001046: sob     r2,001020               
001020: mov     #000060,r0              [001022]=000060 
001024: tst     r1                      R1=004000 
001026: bpl     001032                  
001032: tstb    @#177564                [177564]=200 
001036: bpl     001032                  
001040: movb    r0,@#177566             R0=060 [177566] 0
001044: rol     r1                      R1=010000 
001046: sob     r2,001020               
001020: mov     #000060,r0              [001022]=000060 
001024: tst     r1                      R1=010000 
001026: bpl     001032                  
001032: tstb    @#177564                [177564]=200 
001036: bpl     001032                  
001040: movb    r0,@#177566             R0=060 [177566] 0
001044: rol     r1                      R1=020000 
001046: sob     r2,001020               
001020: mov     #000060,r0              [001022]=000060 
001024: tst     r1                      R1=020000 
001026: bpl     001032                  
001032: tstb    @#177564                [177564]=200 
001036: bpl     001032                  
001040: movb    r0,@#177566             R0=060 [177566] 0
001044: rol     r1                      R1=040000 
001046: sob     r2,001020               
001020: mov     #000060,r0              [001022]=000060 
001024: tst     r1                      R1=040000 
001026: bpl     001032                  
001032: tstb    @#177564                [177564]=200 
001036: bpl     001032                  
001040: movb    r0,@#177566             R0=060 [177566] 0
001044: rol     r1                      R1=100000 
001046: sob     r2,001020               
001020: mov     #000060,r0              [001022]=000060 
001024: tst     r1                      R1=100000 
001026: bpl     001032                  
001030: inc     r0                      R0=000061 
001032: tstb    @#177564                [177564]=200 
001036: bpl     001032                  
001040: movb    r0,@#177566             R0=061 [177566] 1
001044: rol     r1                      R1=000000 
001046: sob     r2,001020               
001020: mov     #000060,r0              [001022]=000060 
001024: tst     r1                      R1=000000 
001026: bpl     001032                  
001032: tstb    @#177564                [177564]=200 
001036: bpl     001032                  
001040: movb    r0,@#177566             R0=060 [177566] 0
001044: rol     r1                      R1=000000 
001046: sob     r2,001020               
001050: tstb    @#177564                [177564]=200 
001054: bpl     001050                  
001056: movb    #000012,@#177566        [001060]=012 [177566] 

001064: tstb    @#177564                [177564]=200 
001070: bpl     001064                  
001072: movb    #000015,@#177566        [001074]=015 [177566] 
001100: br      001004                  
001004: mov     (r5)+,r0                [000206]=000003 
001006: beq     001102                  
001010: mov     r0,r1                   R0=000003 
001012: mov     #000020,r2              [001014]=000020 
001016: mov     r1,r0                   R1=000003 
001020: mov     #000060,r0              [001022]=000060 
001024: tst     r1                      R1=000003 
001026: bpl     001032                  
001032: tstb    @#177564                [177564]=200 
001036: bpl     001032                  
001040: movb    r0,@#177566             R0=060 [177566] 0
001044: rol     r1                      R1=000006 
001046: sob     r2,001020               
001020: mov     #000060,r0              [001022]=000060 
001024: tst     r1                      R1=000006 
001026: bpl     001032                  
001032: tstb    @#177564                [177564]=200 
001036: bpl     001032                  
001040: movb    r0,@#177566             R0=060 [177566] 0
001044: rol     r1                      R1=000014 
001046: sob     r2,001020               
001020: mov     #000060,r0              [001022]=000060 
001024: tst     r1                      R1=000014 
001026: bpl     001032                  
001032: tstb    @#177564                [177564]=200 
001036: bpl     001032                  
001040: movb    r0,@#177566             R0=060 [177566] 0
001044: rol     r1                      R1=000030 
001046: sob     r2,001020               
001020: mov     #000060,r0              [001022]=000060 
001024: tst     r1                      R1=000030 
001026: bpl     001032                  
001032: tstb    @#177564                [177564]=200 
001036: bpl     001032                  
001040: movb    r0,@#177566             R0=060 [177566] 0
001044: rol     r1                      R1=000060 
001046: sob     r2,001020               
001020: mov     #000060,r0              [001022]=000060 
001024: tst     r1                      R1=000060 
001026: bpl     001032                  
001032: tstb    @#177564                [177564]=200 
001036: bpl     001032                  
001040: movb    r0,@#177566             R0=060 [177566] 0
001044: rol     r1                      R1=000140 
001046: sob     r2,001020               
001020: mov     #000060,r0              [001022]=000060 
001024: tst     r1                      R1=000140 
001026: bpl     001032                  
001032: tstb    @#177564                [177564]=200 
001036: bpl     001032                  
001040: movb    r0,@#177566             R0=060 [177566] 0
001044: rol     r1                      R1=000300 
001046: sob     r2,001020               
001020: mov     #000060,r0              [001022]=000060 
001024: tst     r1                      R1=000300 
001026: bpl     001032                  
001032: tstb    @#177564                [177564]=200 
001036: bpl     001032                  
001040: movb    r0,@#177566             R0=060 [177566] 0
001044: rol     r1                      R1=000600 
001046: sob     r2,001020               
001020: mov     #000060,r0              [001022]=000060 
001024: tst     r1                      R1=000600 
001026: bpl     001032                  
001032: tstb    @#177564                [177564]=200 
001036: bpl     001032                  
001040: movb    r0,@#177566             R0=060 [177566] 0
001044: rol     r1                      R1=001400 
001046: sob     r2,001020               
001020: mov     #000060,r0              [001022]=000060 
001024: tst     r1                      R1=001400 
001026: bpl     001032                  
001032: tstb    @#177564                [177564]=200 
001036: bpl     001032                  
001040: movb    r0,@#177566             R0=060 [177566] 0
001044: rol     r1                      R1=003000 
001046: sob     r2,001020               
001020: mov     #000060,r0              [001022]=000060 
001024: tst     r1                      R1=003000 
001026: bpl     001032                  
001032: tstb    @#177564                [177564]=200 
001036: bpl     001032                  
001040: movb    r0,@#177566             R0=060 [177566] 0
001044: rol     r1                      R1=006000 
001046: sob     r2,001020               
001020: mov     #000060,r0              [001022]=000060 
001024: tst     r1                      R1=006000 
001026: bpl     001032                  
001032: tstb    @#177564                [177564]=200 
001036: bpl     001032                  
001040: movb    r0,@#177566             R0=060 [177566] 0
001044: rol     r1                      R1=014000 
001046: sob     r2,001020               
001020: mov     #000060,r0              [001022]=000060 
001024: tst     r1                      R1=014000 
001026: bpl     001032                  
001032: tstb    @#177564                [177564]=200 
001036: bpl     001032                  
001040: movb    r0,@#177566             R0=060 [177566] 0
001044: rol     r1                      R1=030000 
001046: sob     r2,001020               
001020: mov     #000060,r0              [001022]=000060 
001024: tst     r1                      R1=030000 
001026: bpl     001032                  
001032: tstb    @#177564                [177564]=200 
001036: bpl     001032                  
001040: movb    r0,@#177566             R0=060 [177566] 0
001044: rol     r1                      R1=060000 
001046: sob     r2,001020               
001020: mov     #000060,r0              [001022]=000060 
001024: tst     r1                      R1=060000 
001026: bpl     001032                  
001032: tstb    @#177564                [177564]=200 
001036: bpl     001032                  
001040: movb    r0,@#177566             R0=060 [177566] 0
001044: rol     r1                      R1=140000 
001046: sob     r2,001020               
001020: mov     #000060,r0              [001022]=000060 
001024: tst     r1                      R1=140000 
001026: bpl     001032                  
001030: inc     r0                      R0=000061 
001032: tstb    @#177564                [177564]=200 
001036: bpl     001032                  
001040: movb    r0,@#177566             R0=061 [177566] 1
001044: rol     r1                      R1=100000 
001046: sob     r2,001020               
001020: mov     #000060,r0              [001022]=000060 
001024: tst     r1                      R1=100000 
001026: bpl     001032                  
001030: inc     r0                      R0=000061 
001032: tstb    @#177564                [177564]=200 
001036: bpl     001032                  
001040: movb    r0,@#177566             R0=061 [177566] 1
001044: rol     r1                      R1=000000 
001046: sob     r2,001020               
001050: tstb    @#177564                [177564]=200 
001054: bpl     001050                  
001056: movb    #000012,@#177566        [001060]=012 [177566] 

001064: tstb    @#177564                [177564]=200 
001070: bpl     001064                  
001072: movb    #000015,@#177566        [001074]=015 [177566] 
001100: br      001004                  
001004: mov     (r5)+,r0                [000210]=000004 
001006: beq     001102                  
001010: mov     r0,r1                   R0=000004 
001012: mov     #000020,r2              [001014]=000020 
001016: mov     r1,r0                   R1=000004 
001020: mov     #000060,r0              [001022]=000060 
001024: tst     r1                      R1=000004 
001026: bpl     001032                  
001032: tstb    @#177564                [177564]=200 
001036: bpl     001032                  
001040: movb    r0,@#177566             R0=060 [177566] 0
001044: rol     r1                      R1=000010 
001046: sob     r2,001020               
001020: mov     #000060,r0              [001022]=000060 
001024: tst     r1                      R1=000010 
001026: bpl     001032                  
001032: tstb    @#177564                [177564]=200 
001036: bpl     001032                  
001040: movb    r0,@#177566             R0=060 [177566] 0
001044: rol     r1                      R1=000020 
001046: sob     r2,001020               
001020: mov     #000060,r0              [001022]=000060 
001024: tst     r1                      R1=000020 
001026: bpl     001032                  
001032: tstb    @#177564                [177564]=200 
001036: bpl     001032                  
001040: movb    r0,@#177566             R0=060 [177566] 0
001044: rol     r1                      R1=000040 
001046: sob     r2,001020               
001020: mov     #000060,r0              [001022]=000060 
001024: tst     r1                      R1=000040 
001026: bpl     001032                  
001032: tstb    @#177564                [177564]=200 
001036: bpl     001032                  
001040: movb    r0,@#177566             R0=060 [177566] 0
001044: rol     r1                      R1=000100 
001046: sob     r2,001020               
001020: mov     #000060,r0              [001022]=000060 
001024: tst     r1                      R1=000100 
001026: bpl     001032                  
001032: tstb    @#177564                [177564]=200 
001036: bpl     001032                  
001040: movb    r0,@#177566             R0=060 [177566] 0
001044: rol     r1                      R1=000200 
001046: sob     r2,001020               
001020: mov     #000060,r0              [001022]=000060 
001024: tst     r1                      R1=000200 
001026: bpl     001032                  
001032: tstb    @#177564                [177564]=200 
001036: bpl     001032                  
001040: movb    r0,@#177566             R0=060 [177566] 0
001044: rol     r1                      R1=000400 
001046: sob     r2,001020               
001020: mov     #000060,r0              [001022]=000060 
001024: tst     r1                      R1=000400 
001026: bpl     001032                  
001032: tstb    @#177564                [177564]=200 
001036: bpl     001032                  
001040: movb    r0,@#177566             R0=060 [177566] 0
001044: rol     r1                      R1=001000 
001046: sob     r2,001020               
001020: mov     #000060,r0              [001022]=000060 
001024: tst     r1                      R1=001000 
001026: bpl     001032                  
001032: tstb    @#177564                [177564]=200 
001036: bpl     001032                  
001040: movb    r0,@#177566             R0=060 [177566] 0
001044: rol     r1                      R1=002000 
001046: sob     r2,001020               
001020: mov     #000060,r0              [001022]=000060 
001024: tst     r1                      R1=002000 
001026: bpl     001032                  
001032: tstb    @#177564                [177564]=200 
001036: bpl     001032                  
001040: movb    r0,@#177566             R0=060 [177566] 0
001044: rol     r1                      R1=004000 
001046: sob     r2,001020               
001020: mov     #000060,r0              [001022]=000060 
001024: tst     r1                      R1=004000 
001026: bpl     001032                  
001032: tstb    @#177564                [177564]=200 
001036: bpl     001032                  
001040: movb    r0,@#177566             R0=060 [177566] 0
001044: rol     r1                      R1=010000 
001046: sob     r2,001020               
001020: mov     #000060,r0              [001022]=000060 
001024: tst     r1                      R1=010000 
001026: bpl     001032                  
001032: tstb    @#177564                [177564]=200 
001036: bpl     001032                  
001040: movb    r0,@#177566             R0=060 [177566] 0
001044: rol     r1                      R1=020000 
001046: sob     r2,001020               
001020: mov     #000060,r0              [001022]=000060 
001024: tst     r1                      R1=020000 
001026: bpl     001032                  
001032: tstb    @#177564                [177564]=200 
001036: bpl     001032                  
001040: movb    r0,@#177566             R0=060 [177566] 0
001044: rol     r1                      R1=040000 
001046: sob     r2,001020               
001020: mov     #000060,r0              [001022]=000060 
001024: tst     r1                      R1=040000 
001026: bpl     001032                  
001032: tstb    @#177564                [177564]=200 
001036: bpl     001032                  
001040: movb    r0,@#177566             R0=060 [177566] 0
001044: rol     r1                      R1=100000 
001046: sob     r2,001020               
001020: mov     #000060,r0              [001022]=000060 
001024: tst     r1                      R1=100000 
001026: bpl     001032                  
001030: inc     r0                      R0=000061 
001032: tstb    @#177564                [177564]=200 
001036: bpl     001032                  
001040: movb    r0,@#177566             R0=061 [177566] 1
001044: rol     r1                      R1=000000 
001046: sob     r2,001020               
001020: mov     #000060,r0              [001022]=000060 
001024: tst     r1                      R1=000000 
001026: bpl     001032                  
001032: tstb    @#177564                [177564]=200 
001036: bpl     001032                  
001040: movb    r0,@#177566             R0=060 [177566] 0
001044: rol     r1                      R1=000000 
001046: sob     r2,001020               
001020: mov     #000060,r0              [001022]=000060 
001024: tst     r1                      R1=000000 
001026: bpl     001032                  
001032: tstb    @#177564                [177564]=200 
001036: bpl     001032                  
001040: movb    r0,@#177566             R0=060 [177566] 0
001044: rol     r1                      R1=000000 
001046: sob     r2,001020               
001050: tstb    @#177564                [177564]=200 
001054: bpl     001050                  
001056: movb    #000012,@#177566        [001060]=012 [177566] 

001064: tstb    @#177564                [177564]=200 
001070: bpl     001064                  
001072: movb    #000015,@#177566        [001074]=015 [177566] 
001100: br      001004                  
001004: mov     (r5)+,r0                [000212]=000005 
001006: beq     001102                  
001010: mov     r0,r1                   R0=000005 
001012: mov     #000020,r2              [001014]=000020 
001016: mov     r1,r0                   R1=000005 
001020: mov     #000060,r0              [001022]=000060 
001024: tst     r1                      R1=000005 
001026: bpl     001032                  
001032: tstb    @#177564                [177564]=200 
001036: bpl     001032                  
001040: movb    r0,@#177566             R0=060 [177566] 0
001044: rol     r1                      R1=000012 
001046: sob     r2,001020               
001020: mov     #000060,r0              [001022]=000060 
001024: tst     r1                      R1=000012 
001026: bpl     001032                  
001032: tstb    @#177564                [177564]=200 
001036: bpl     001032                  
001040: movb    r0,@#177566             R0=060 [177566] 0
001044: rol     r1                      R1=000024 
001046: sob     r2,001020               
001020: mov     #000060,r0              [001022]=000060 
001024: tst     r1                      R1=000024 
001026: bpl     001032                  
001032: tstb    @#177564                [177564]=200 
001036: bpl     001032                  
001040: movb    r0,@#177566             R0=060 [177566] 0
001044: rol     r1                      R1=000050 
001046: sob     r2,001020               
001020: mov     #000060,r0              [001022]=000060 
001024: tst     r1                      R1=000050 
001026: bpl     001032                  
001032: tstb    @#177564                [177564]=200 
001036: bpl     001032                  
001040: movb    r0,@#177566             R0=060 [177566] 0
001044: rol     r1                      R1=000120 
001046: sob     r2,001020               
001020: mov     #000060,r0              [001022]=000060 
001024: tst     r1                      R1=000120 
001026: bpl     001032                  
001032: tstb    @#177564                [177564]=200 
001036: bpl     001032                  
001040: movb    r0,@#177566             R0=060 [177566] 0
001044: rol     r1                      R1=000240 
001046: sob     r2,001020               
001020: mov     #000060,r0              [001022]=000060 
001024: tst     r1                      R1=000240 
001026: bpl     001032                  
001032: tstb    @#177564                [177564]=200 
001036: bpl     001032                  
001040: movb    r0,@#177566             R0=060 [177566] 0
001044: rol     r1                      R1=000500 
001046: sob     r2,001020               
001020: mov     #000060,r0              [001022]=000060 
001024: tst     r1                      R1=000500 
001026: bpl     001032                  
001032: tstb    @#177564                [177564]=200 
001036: bpl     001032                  
001040: movb    r0,@#177566             R0=060 [177566] 0
001044: rol     r1                      R1=001200 
001046: sob     r2,001020               
001020: mov     #000060,r0              [001022]=000060 
001024: tst     r1                      R1=001200 
001026: bpl     001032                  
001032: tstb    @#177564                [177564]=200 
001036: bpl     001032                  
001040: movb    r0,@#177566             R0=060 [177566] 0
001044: rol     r1                      R1=002400 
001046: sob     r2,001020               
001020: mov     #000060,r0              [001022]=000060 
001024: tst     r1                      R1=002400 
001026: bpl     001032                  
001032: tstb    @#177564                [177564]=200 
001036: bpl     001032                  
001040: movb    r0,@#177566             R0=060 [177566] 0
001044: rol     r1                      R1=005000 
001046: sob     r2,001020               
001020: mov     #000060,r0              [001022]=000060 
001024: tst     r1                      R1=005000 
001026: bpl     001032                  
001032: tstb    @#177564                [177564]=200 
001036: bpl     001032                  
001040: movb    r0,@#177566             R0=060 [177566] 0
001044: rol     r1                      R1=012000 
001046: sob     r2,001020               
001020: mov     #000060,r0              [001022]=000060 
001024: tst     r1                      R1=012000 
001026: bpl     001032                  
001032: tstb    @#177564                [177564]=200 
001036: bpl     001032                  
001040: movb    r0,@#177566             R0=060 [177566] 0
001044: rol     r1                      R1=024000 
001046: sob     r2,001020               
001020: mov     #000060,r0              [001022]=000060 
001024: tst     r1                      R1=024000 
001026: bpl     001032                  
001032: tstb    @#177564                [177564]=200 
001036: bpl     001032                  
001040: movb    r0,@#177566             R0=060 [177566] 0
001044: rol     r1                      R1=050000 
001046: sob     r2,001020               
001020: mov     #000060,r0              [001022]=000060 
001024: tst     r1                      R1=050000 
001026: bpl     001032                  
001032: tstb    @#177564                [177564]=200 
001036: bpl     001032                  
001040: movb    r0,@#177566             R0=060 [177566] 0
001044: rol     r1                      R1=120000 
001046: sob     r2,001020               
001020: mov     #000060,r0              [001022]=000060 
001024: tst     r1                      R1=120000 
001026: bpl     001032                  
001030: inc     r0                      R0=000061 
001032: tstb    @#177564                [177564]=200 
001036: bpl     001032                  
001040: movb    r0,@#177566             R0=061 [177566] 1
001044: rol     r1                      R1=040000 
001046: sob     r2,001020               
001020: mov     #000060,r0              [001022]=000060 
001024: tst     r1                      R1=040000 
001026: bpl     001032                  
001032: tstb    @#177564                [177564]=200 
001036: bpl     001032                  
001040: movb    r0,@#177566             R0=060 [177566] 0
001044: rol     r1                      R1=100000 
001046: sob     r2,001020               
001020: mov     #000060,r0              [001022]=000060 
001024: tst     r1                      R1=100000 
001026: bpl     001032                  
001030: inc     r0                      R0=000061 
001032: tstb    @#177564                [177564]=200 
001036: bpl     001032                  
001040: movb    r0,@#177566             R0=061 [177566] 1
001044: rol     r1                      R1=000000 
001046: sob     r2,001020               
001050: tstb    @#177564                [177564]=200 
001054: bpl     001050                  
001056: movb    #000012,@#177566        [001060]=012 [177566] 

001064: tstb    @#177564                [177564]=200 
001070: bpl     001064                  
001072: movb    #000015,@#177566        [001074]=015 [177566] 
001100: br      001004                  
001004: mov     (r5)+,r0                [000214]=177777 
001006: beq     001102                  
001010: mov     r0,r1                   R0=177777 
001012: mov     #000020,r2              [001014]=000020 
001016: mov     r1,r0                   R1=177777 
001020: mov     #000060,r0              [001022]=000060 
001024: tst     r1                      R1=177777 
001026: bpl     001032                  
001030: inc     r0                      R0=000061 
001032: tstb    @#177564                [177564]=200 
001036: bpl     001032                  
001040: movb    r0,@#177566             R0=061 [177566] 1
001044: rol     r1                      R1=177776 
001046: sob     r2,001020               
001020: mov     #000060,r0              [001022]=000060 
001024: tst     r1                      R1=177776 
001026: bpl     001032                  
001030: inc     r0                      R0=000061 
001032: tstb    @#177564                [177564]=200 
001036: bpl     001032                  
001040: movb    r0,@#177566             R0=061 [177566] 1
001044: rol     r1                      R1=177774 
001046: sob     r2,001020               
001020: mov     #000060,r0              [001022]=000060 
001024: tst     r1                      R1=177774 
001026: bpl     001032                  
001030: inc     r0                      R0=000061 
001032: tstb    @#177564                [177564]=200 
001036: bpl     001032                  
001040: movb    r0,@#177566             R0=061 [177566] 1
001044: rol     r1                      R1=177770 
001046: sob     r2,001020               
001020: mov     #000060,r0              [001022]=000060 
001024: tst     r1                      R1=177770 
001026: bpl     001032                  
001030: inc     r0                      R0=000061 
001032: tstb    @#177564                [177564]=200 
001036: bpl     001032                  
001040: movb    r0,@#177566             R0=061 [177566] 1
001044: rol     r1                      R1=177760 
001046: sob     r2,001020               
001020: mov     #000060,r0              [001022]=000060 
001024: tst     r1                      R1=177760 
001026: bpl     001032                  
001030: inc     r0                      R0=000061 
001032: tstb    @#177564                [177564]=200 
001036: bpl     001032                  
001040: movb    r0,@#177566             R0=061 [177566] 1
001044: rol     r1                      R1=177740 
001046: sob     r2,001020               
001020: mov     #000060,r0              [001022]=000060 
001024: tst     r1                      R1=177740 
001026: bpl     001032                  
001030: inc     r0                      R0=000061 
001032: tstb    @#177564                [177564]=200 
001036: bpl     001032                  
001040: movb    r0,@#177566             R0=061 [177566] 1
001044: rol     r1                      R1=177700 
001046: sob     r2,001020               
001020: mov     #000060,r0              [001022]=000060 
001024: tst     r1                      R1=177700 
001026: bpl     001032                  
001030: inc     r0                      R0=000061 
001032: tstb    @#177564                [177564]=200 
001036: bpl     001032                  
001040: movb    r0,@#177566             R0=061 [177566] 1
001044: rol     r1                      R1=177600 
001046: sob     r2,001020               
001020: mov     #000060,r0              [001022]=000060 
001024: tst     r1                      R1=177600 
001026: bpl     001032                  
001030: inc     r0                      R0=000061 
001032: tstb    @#177564                [177564]=200 
001036: bpl     001032                  
001040: movb    r0,@#177566             R0=061 [177566] 1
001044: rol     r1                      R1=177400 
001046: sob     r2,001020               
001020: mov     #000060,r0              [001022]=000060 
001024: tst     r1                      R1=177400 
001026: bpl     001032                  
001030: inc     r0                      R0=000061 
001032: tstb    @#177564                [177564]=200 
001036: bpl     001032                  
001040: movb    r0,@#177566             R0=061 [177566] 1
001044: rol     r1                      R1=177000 
001046: sob     r2,001020               
001020: mov     #000060,r0              [001022]=000060 
001024: tst     r1                      R1=177000 
001026: bpl     001032                  
001030: inc     r0                      R0=000061 
001032: tstb    @#177564                [177564]=200 
001036: bpl     001032                  
001040: movb    r0,@#177566             R0=061 [177566] 1
001044: rol     r1                      R1=176000 
001046: sob     r2,001020               
001020: mov     #000060,r0              [001022]=000060 
001024: tst     r1                      R1=176000 
001026: bpl     001032                  
001030: inc     r0                      R0=000061 
001032: tstb    @#177564                [177564]=200 
001036: bpl     001032                  
001040: movb    r0,@#177566             R0=061 [177566] 1
001044: rol     r1                      R1=174000 
001046: sob     r2,001020               
001020: mov     #000060,r0              [001022]=000060 
001024: tst     r1                      R1=174000 
001026: bpl     001032                  
001030: inc     r0                      R0=000061 
001032: tstb    @#177564                [177564]=200 
001036: bpl     001032                  
001040: movb    r0,@#177566             R0=061 [177566] 1
001044: rol     r1                      R1=170000 
001046: sob     r2,001020               
001020: mov     #000060,r0              [001022]=000060 
001024: tst     r1                      R1=170000 
001026: bpl     001032                  
001030: inc     r0                      R0=000061 
001032: tstb    @#177564                [177564]=200 
001036: bpl     001032                  
001040: movb    r0,@#177566             R0=061 [177566] 1
001044: rol     r1                      R1=160000 
001046: sob     r2,001020               
001020: mov     #000060,r0              [001022]=000060 
001024: tst     r1                      R1=160000 
001026: bpl     001032                  
001030: inc     r0                      R0=000061 
001032: tstb    @#177564                [177564]=200 
001036: bpl     001032                  
001040: movb    r0,@#177566             R0=061 [177566] 1
001044: rol     r1                      R1=140000 
001046: sob     r2,001020               
001020: mov     #000060,r0              [001022]=000060 
001024: tst     r1                      R1=140000 
001026: bpl     001032                  
001030: inc     r0                      R0=000061 
001032: tstb    @#177564                [177564]=200 
001036: bpl     001032                  
001040: movb    r0,@#177566             R0=061 [177566] 1
001044: rol     r1                      R1=100000 
001046: sob     r2,001020               
001020: mov     #000060,r0              [001022]=000060 
001024: tst     r1                      R1=100000 
001026: bpl     001032                  
001030: inc     r0                      R0=000061 
001032: tstb    @#177564                [177564]=200 
001036: bpl     001032                  
001040: movb    r0,@#177566             R0=061 [177566] 1
001044: rol     r1                      R1=000000 
001046: sob     r2,001020               
001050: tstb    @#177564                [177564]=200 
001054: bpl     001050                  
001056: movb    #000012,@#177566        [001060]=012 [177566] 

001064: tstb    @#177564                [177564]=200 
001070: bpl     001064                  
001072: movb    #000015,@#177566        [001074]=015 [177566] 
001100: br      001004                  
001004: mov     (r5)+,r0                [000216]=000010 
001006: beq     001102                  
001010: mov     r0,r1                   R0=000010 
001012: mov     #000020,r2              [001014]=000020 
001016: mov     r1,r0                   R1=000010 
001020: mov     #000060,r0              [001022]=000060 
001024: tst     r1                      R1=000010 
001026: bpl     001032                  
001032: tstb    @#177564                [177564]=200 
001036: bpl     001032                  
001040: movb    r0,@#177566             R0=060 [177566] 0
001044: rol     r1                      R1=000020 
001046: sob     r2,001020               
001020: mov     #000060,r0              [001022]=000060 
001024: tst     r1                      R1=000020 
001026: bpl     001032                  
001032: tstb    @#177564                [177564]=200 
001036: bpl     001032                  
001040: movb    r0,@#177566             R0=060 [177566] 0
001044: rol     r1                      R1=000040 
001046: sob     r2,001020               
001020: mov     #000060,r0              [001022]=000060 
001024: tst     r1                      R1=000040 
001026: bpl     001032                  
001032: tstb    @#177564                [177564]=200 
001036: bpl     001032                  
001040: movb    r0,@#177566             R0=060 [177566] 0
001044: rol     r1                      R1=000100 
001046: sob     r2,001020               
001020: mov     #000060,r0              [001022]=000060 
001024: tst     r1                      R1=000100 
001026: bpl     001032                  
001032: tstb    @#177564                [177564]=200 
001036: bpl     001032                  
001040: movb    r0,@#177566             R0=060 [177566] 0
001044: rol     r1                      R1=000200 
001046: sob     r2,001020               
001020: mov     #000060,r0              [001022]=000060 
001024: tst     r1                      R1=000200 
001026: bpl     001032                  
001032: tstb    @#177564                [177564]=200 
001036: bpl     001032                  
001040: movb    r0,@#177566             R0=060 [177566] 0
001044: rol     r1                      R1=000400 
001046: sob     r2,001020               
001020: mov     #000060,r0              [001022]=000060 
001024: tst     r1                      R1=000400 
001026: bpl     001032                  
001032: tstb    @#177564                [177564]=200 
001036: bpl     001032                  
001040: movb    r0,@#177566             R0=060 [177566] 0
001044: rol     r1                      R1=001000 
001046: sob     r2,001020               
001020: mov     #000060,r0              [001022]=000060 
001024: tst     r1                      R1=001000 
001026: bpl     001032                  
001032: tstb    @#177564                [177564]=200 
001036: bpl     001032                  
001040: movb    r0,@#177566             R0=060 [177566] 0
001044: rol     r1                      R1=002000 
001046: sob     r2,001020               
001020: mov     #000060,r0              [001022]=000060 
001024: tst     r1                      R1=002000 
001026: bpl     001032                  
001032: tstb    @#177564                [177564]=200 
001036: bpl     001032                  
001040: movb    r0,@#177566             R0=060 [177566] 0
001044: rol     r1                      R1=004000 
001046: sob     r2,001020               
001020: mov     #000060,r0              [001022]=000060 
001024: tst     r1                      R1=004000 
001026: bpl     001032                  
001032: tstb    @#177564                [177564]=200 
001036: bpl     001032                  
001040: movb    r0,@#177566             R0=060 [177566] 0
001044: rol     r1                      R1=010000 
001046: sob     r2,001020               
001020: mov     #000060,r0              [001022]=000060 
001024: tst     r1                      R1=010000 
001026: bpl     001032                  
001032: tstb    @#177564                [177564]=200 
001036: bpl     001032                  
001040: movb    r0,@#177566             R0=060 [177566] 0
001044: rol     r1                      R1=020000 
001046: sob     r2,001020               
001020: mov     #000060,r0              [001022]=000060 
001024: tst     r1                      R1=020000 
001026: bpl     001032                  
001032: tstb    @#177564                [177564]=200 
001036: bpl     001032                  
001040: movb    r0,@#177566             R0=060 [177566] 0
001044: rol     r1                      R1=040000 
001046: sob     r2,001020               
001020: mov     #000060,r0              [001022]=000060 
001024: tst     r1                      R1=040000 
001026: bpl     001032                  
001032: tstb    @#177564                [177564]=200 
001036: bpl     001032                  
001040: movb    r0,@#177566             R0=060 [177566] 0
001044: rol     r1                      R1=100000 
001046: sob     r2,001020               
001020: mov     #000060,r0              [001022]=000060 
001024: tst     r1                      R1=100000 
001026: bpl     001032                  
001030: inc     r0                      R0=000061 
001032: tstb    @#177564                [177564]=200 
001036: bpl     001032                  
001040: movb    r0,@#177566             R0=061 [177566] 1
001044: rol     r1                      R1=000000 
001046: sob     r2,001020               
001020: mov     #000060,r0              [001022]=000060 
001024: tst     r1                      R1=000000 
001026: bpl     001032                  
001032: tstb    @#177564                [177564]=200 
001036: bpl     001032                  
001040: movb    r0,@#177566             R0=060 [177566] 0
001044: rol     r1                      R1=000000 
001046: sob     r2,001020               
001020: mov     #000060,r0              [001022]=000060 
001024: tst     r1                      R1=000000 
001026: bpl     001032                  
001032: tstb    @#177564                [177564]=200 
001036: bpl     001032                  
001040: movb    r0,@#177566             R0=060 [177566] 0
001044: rol     r1                      R1=000000 
001046: sob     r2,001020               
001020: mov     #000060,r0              [001022]=000060 
001024: tst     r1                      R1=000000 
001026: bpl     001032                  
001032: tstb    @#177564                [177564]=200 
001036: bpl     001032                  
001040: movb    r0,@#177566             R0=060 [177566] 0
001044: rol     r1                      R1=000000 
001046: sob     r2,001020               
001050: tstb    @#177564                [177564]=200 
001054: bpl     001050                  
001056: movb    #000012,@#177566        [001060]=012 [177566] 

001064: tstb    @#177564                [177564]=200 
001070: bpl     001064                  
001072: movb    #000015,@#177566        [001074]=015 [177566] 
001100: br      001004                  
001004: mov     (r5)+,r0                [000220]=000040 
001006: beq     001102                  
001010: mov     r0,r1                   R0=000040 
001012: mov     #000020,r2              [001014]=000020 
001016: mov     r1,r0                   R1=000040 
001020: mov     #000060,r0              [001022]=000060 
001024: tst     r1                      R1=000040 
001026: bpl     001032                  
001032: tstb    @#177564                [177564]=200 
001036: bpl     001032                  
001040: movb    r0,@#177566             R0=060 [177566] 0
001044: rol     r1                      R1=000100 
001046: sob     r2,001020               
001020: mov     #000060,r0              [001022]=000060 
001024: tst     r1                      R1=000100 
001026: bpl     001032                  
001032: tstb    @#177564                [177564]=200 
001036: bpl     001032                  
001040: movb    r0,@#177566             R0=060 [177566] 0
001044: rol     r1                      R1=000200 
001046: sob     r2,001020               
001020: mov     #000060,r0              [001022]=000060 
001024: tst     r1                      R1=000200 
001026: bpl     001032                  
001032: tstb    @#177564                [177564]=200 
001036: bpl     001032                  
001040: movb    r0,@#177566             R0=060 [177566] 0
001044: rol     r1                      R1=000400 
001046: sob     r2,001020               
001020: mov     #000060,r0              [001022]=000060 
001024: tst     r1                      R1=000400 
001026: bpl     001032                  
001032: tstb    @#177564                [177564]=200 
001036: bpl     001032                  
001040: movb    r0,@#177566             R0=060 [177566] 0
001044: rol     r1                      R1=001000 
001046: sob     r2,001020               
001020: mov     #000060,r0              [001022]=000060 
001024: tst     r1                      R1=001000 
001026: bpl     001032                  
001032: tstb    @#177564                [177564]=200 
001036: bpl     001032                  
001040: movb    r0,@#177566             R0=060 [177566] 0
001044: rol     r1                      R1=002000 
001046: sob     r2,001020               
001020: mov     #000060,r0              [001022]=000060 
001024: tst     r1                      R1=002000 
001026: bpl     001032                  
001032: tstb    @#177564                [177564]=200 
001036: bpl     001032                  
001040: movb    r0,@#177566             R0=060 [177566] 0
001044: rol     r1                      R1=004000 
001046: sob     r2,001020               
001020: mov     #000060,r0              [001022]=000060 
001024: tst     r1                      R1=004000 
001026: bpl     001032                  
001032: tstb    @#177564                [177564]=200 
001036: bpl     001032                  
001040: movb    r0,@#177566             R0=060 [177566] 0
001044: rol     r1                      R1=010000 
001046: sob     r2,001020               
001020: mov     #000060,r0              [001022]=000060 
001024: tst     r1                      R1=010000 
001026: bpl     001032                  
001032: tstb    @#177564                [177564]=200 
001036: bpl     001032                  
001040: movb    r0,@#177566             R0=060 [177566] 0
001044: rol     r1                      R1=020000 
001046: sob     r2,001020               
001020: mov     #000060,r0              [001022]=000060 
001024: tst     r1                      R1=020000 
001026: bpl     001032                  
001032: tstb    @#177564                [177564]=200 
001036: bpl     001032                  
001040: movb    r0,@#177566             R0=060 [177566] 0
001044: rol     r1                      R1=040000 
001046: sob     r2,001020               
001020: mov     #000060,r0              [001022]=000060 
001024: tst     r1                      R1=040000 
001026: bpl     001032                  
001032: tstb    @#177564                [177564]=200 
001036: bpl     001032                  
001040: movb    r0,@#177566             R0=060 [177566] 0
001044: rol     r1                      R1=100000 
001046: sob     r2,001020               
001020: mov     #000060,r0              [001022]=000060 
001024: tst     r1                      R1=100000 
001026: bpl     001032                  
001030: inc     r0                      R0=000061 
001032: tstb    @#177564                [177564]=200 
001036: bpl     001032                  
001040: movb    r0,@#177566             R0=061 [177566] 1
001044: rol     r1                      R1=000000 
001046: sob     r2,001020               
001020: mov     #000060,r0              [001022]=000060 
001024: tst     r1                      R1=000000 
001026: bpl     001032                  
001032: tstb    @#177564                [177564]=200 
001036: bpl     001032                  
001040: movb    r0,@#177566             R0=060 [177566] 0
001044: rol     r1                      R1=000000 
001046: sob     r2,001020               
001020: mov     #000060,r0              [001022]=000060 
001024: tst     r1                      R1=000000 
001026: bpl     001032                  
001032: tstb    @#177564                [177564]=200 
001036: bpl     001032                  
001040: movb    r0,@#177566             R0=060 [177566] 0
001044: rol     r1                      R1=000000 
001046: sob     r2,001020               
001020: mov     #000060,r0              [001022]=000060 
001024: tst     r1                      R1=000000 
001026: bpl     001032                  
001032: tstb    @#177564                [177564]=200 
001036: bpl     001032                  
001040: movb    r0,@#177566             R0=060 [177566] 0
001044: rol     r1                      R1=000000 
001046: sob     r2,001020               
001020: mov     #000060,r0              [001022]=000060 
001024: tst     r1                      R1=000000 
001026: bpl     001032                  
001032: tstb    @#177564                [177564]=200 
001036: bpl     001032                  
001040: movb    r0,@#177566             R0=060 [177566] 0
001044: rol     r1                      R1=000000 
001046: sob     r2,001020               
001020: mov     #000060,r0              [001022]=000060 
001024: tst     r1                      R1=000000 
001026: bpl     001032                  
001032: tstb    @#177564                [177564]=200 
001036: bpl     001032                  
001040: movb    r0,@#177566             R0=060 [177566] 0
001044: rol     r1                      R1=000000 
001046: sob     r2,001020               
001050: tstb    @#177564                [177564]=200 
001054: bpl     001050                  
001056: movb    #000012,@#177566        [001060]=012 [177566] 

001064: tstb    @#177564                [177564]=200 
001070: bpl     001064                  
001072: movb    #000015,@#177566        [001074]=015 [177566] 
001100: br      001004                  
001004: mov     (r5)+,r0                [000222]=001000 
001006: beq     001102                  
001010: mov     r0,r1                   R0=001000 
001012: mov     #000020,r2              [001014]=000020 
001016: mov     r1,r0                   R1=001000 
001020: mov     #000060,r0              [001022]=000060 
001024: tst     r1                      R1=001000 
001026: bpl     001032                  
001032: tstb    @#177564                [177564]=200 
001036: bpl     001032                  
001040: movb    r0,@#177566             R0=060 [177566] 0
001044: rol     r1                      R1=002000 
001046: sob     r2,001020               
001020: mov     #000060,r0              [001022]=000060 
001024: tst     r1                      R1=002000 
001026: bpl     001032                  
001032: tstb    @#177564                [177564]=200 
001036: bpl     001032                  
001040: movb    r0,@#177566             R0=060 [177566] 0
001044: rol     r1                      R1=004000 
001046: sob     r2,001020               
001020: mov     #000060,r0              [001022]=000060 
001024: tst     r1                      R1=004000 
001026: bpl     001032                  
001032: tstb    @#177564                [177564]=200 
001036: bpl     001032                  
001040: movb    r0,@#177566             R0=060 [177566] 0
001044: rol     r1                      R1=010000 
001046: sob     r2,001020               
001020: mov     #000060,r0              [001022]=000060 
001024: tst     r1                      R1=010000 
001026: bpl     001032                  
001032: tstb    @#177564                [177564]=200 
001036: bpl     001032                  
001040: movb    r0,@#177566             R0=060 [177566] 0
001044: rol     r1                      R1=020000 
001046: sob     r2,001020               
001020: mov     #000060,r0              [001022]=000060 
001024: tst     r1                      R1=020000 
001026: bpl     001032                  
001032: tstb    @#177564                [177564]=200 
001036: bpl     001032                  
001040: movb    r0,@#177566             R0=060 [177566] 0
001044: rol     r1                      R1=040000 
001046: sob     r2,001020               
001020: mov     #000060,r0              [001022]=000060 
001024: tst     r1                      R1=040000 
001026: bpl     001032                  
001032: tstb    @#177564                [177564]=200 
001036: bpl     001032                  
001040: movb    r0,@#177566             R0=060 [177566] 0
001044: rol     r1                      R1=100000 
001046: sob     r2,001020               
001020: mov     #000060,r0              [001022]=000060 
001024: tst     r1                      R1=100000 
001026: bpl     001032                  
001030: inc     r0                      R0=000061 
001032: tstb    @#177564                [177564]=200 
001036: bpl     001032                  
001040: movb    r0,@#177566             R0=061 [177566] 1
001044: rol     r1                      R1=000000 
001046: sob     r2,001020               
001020: mov     #000060,r0              [001022]=000060 
001024: tst     r1                      R1=000000 
001026: bpl     001032                  
001032: tstb    @#177564                [177564]=200 
001036: bpl     001032                  
001040: movb    r0,@#177566             R0=060 [177566] 0
001044: rol     r1                      R1=000000 
001046: sob     r2,001020               
001020: mov     #000060,r0              [001022]=000060 
001024: tst     r1                      R1=000000 
001026: bpl     001032                  
001032: tstb    @#177564                [177564]=200 
001036: bpl     001032                  
001040: movb    r0,@#177566             R0=060 [177566] 0
001044: rol     r1                      R1=000000 
001046: sob     r2,001020               
001020: mov     #000060,r0              [001022]=000060 
001024: tst     r1                      R1=000000 
001026: bpl     001032                  
001032: tstb    @#177564                [177564]=200 
001036: bpl     001032                  
001040: movb    r0,@#177566             R0=060 [177566] 0
001044: rol     r1                      R1=000000 
001046: sob     r2,001020               
001020: mov     #000060,r0              [001022]=000060 
001024: tst     r1                      R1=000000 
001026: bpl     001032                  
001032: tstb    @#177564                [177564]=200 
001036: bpl     001032                  
001040: movb    r0,@#177566             R0=060 [177566] 0
001044: rol     r1                      R1=000000 
001046: sob     r2,001020               
001020: mov     #000060,r0              [001022]=000060 
001024: tst     r1                      R1=000000 
001026: bpl     001032                  
001032: tstb    @#177564                [177564]=200 
001036: bpl     001032                  
001040: movb    r0,@#177566             R0=060 [177566] 0
001044: rol     r1                      R1=000000 
001046: sob     r2,001020               
001020: mov     #000060,r0              [001022]=000060 
001024: tst     r1                      R1=000000 
001026: bpl     001032                  
001032: tstb    @#177564                [177564]=200 
001036: bpl     001032                  
001040: movb    r0,@#177566             R0=060 [177566] 0
001044: rol     r1                      R1=000000 
001046: sob     r2,001020               
001020: mov     #000060,r0              [001022]=000060 
001024: tst     r1                      R1=000000 
001026: bpl     001032                  
001032: tstb    @#177564                [177564]=200 
001036: bpl     001032                  
001040: movb    r0,@#177566             R0=060 [177566] 0
001044: rol     r1                      R1=000000 
001046: sob     r2,001020               
001020: mov     #000060,r0              [001022]=000060 
001024: tst     r1                      R1=000000 
001026: bpl     001032                  
001032: tstb    @#177564                [177564]=200 
001036: bpl     001032                  
001040: movb    r0,@#177566             R0=060 [177566] 0
001044: rol     r1                      R1=000000 
001046: sob     r2,001020               
001020: mov     #000060,r0              [001022]=000060 
001024: tst     r1                      R1=000000 
001026: bpl     001032                  
001032: tstb    @#177564                [177564]=200 
001036: bpl     001032                  
001040: movb    r0,@#177566             R0=060 [177566] 0
001044: rol     r1                      R1=000000 
001046: sob     r2,001020               
001050: tstb    @#177564                [177564]=200 
001054: bpl     001050                  
001056: movb    #000012,@#177566        [001060]=012 [177566] 

001064: tstb    @#177564                [177564]=200 
001070: bpl     001064                  
001072: movb    #000015,@#177566        [001074]=015 [177566] 
001100: br      001004                  
001004: mov     (r5)+,r0                [000224]=100000 
001006: beq     001102                  
001010: mov     r0,r1                   R0=100000 
001012: mov     #000020,r2              [001014]=000020 
001016: mov     r1,r0                   R1=100000 
001020: mov     #000060,r0              [001022]=000060 
001024: tst     r1                      R1=100000 
001026: bpl     001032                  
001030: inc     r0                      R0=000061 
001032: tstb    @#177564                [177564]=200 
001036: bpl     001032                  
001040: movb    r0,@#177566             R0=061 [177566] 1
001044: rol     r1                      R1=000000 
001046: sob     r2,001020               
001020: mov     #000060,r0              [001022]=000060 
001024: tst     r1                      R1=000000 
001026: bpl     001032                  
001032: tstb    @#177564                [177564]=200 
001036: bpl     001032                  
001040: movb    r0,@#177566             R0=060 [177566] 0
001044: rol     r1                      R1=000000 
001046: sob     r2,001020               
001020: mov     #000060,r0              [001022]=000060 
001024: tst     r1                      R1=000000 
001026: bpl     001032                  
001032: tstb    @#177564                [177564]=200 
001036: bpl     001032                  
001040: movb    r0,@#177566             R0=060 [177566] 0
001044: rol     r1                      R1=000000 
001046: sob     r2,001020               
001020: mov     #000060,r0              [001022]=000060 
001024: tst     r1                      R1=000000 
001026: bpl     001032                  
001032: tstb    @#177564                [177564]=200 
001036: bpl     001032                  
001040: movb    r0,@#177566             R0=060 [177566] 0
001044: rol     r1                      R1=000000 
001046: sob     r2,001020               
001020: mov     #000060,r0              [001022]=000060 
001024: tst     r1                      R1=000000 
001026: bpl     001032                  
001032: tstb    @#177564                [177564]=200 
001036: bpl     001032                  
001040: movb    r0,@#177566             R0=060 [177566] 0
001044: rol     r1                      R1=000000 
001046: sob     r2,001020               
001020: mov     #000060,r0              [001022]=000060 
001024: tst     r1                      R1=000000 
001026: bpl     001032                  
001032: tstb    @#177564                [177564]=200 
001036: bpl     001032                  
001040: movb    r0,@#177566             R0=060 [177566] 0
001044: rol     r1                      R1=000000 
001046: sob     r2,001020               
001020: mov     #000060,r0              [001022]=000060 
001024: tst     r1                      R1=000000 
001026: bpl     001032                  
001032: tstb    @#177564                [177564]=200 
001036: bpl     001032                  
001040: movb    r0,@#177566             R0=060 [177566] 0
001044: rol     r1                      R1=000000 
001046: sob     r2,001020               
001020: mov     #000060,r0              [001022]=000060 
001024: tst     r1                      R1=000000 
001026: bpl     001032                  
001032: tstb    @#177564                [177564]=200 
001036: bpl     001032                  
001040: movb    r0,@#177566             R0=060 [177566] 0
001044: rol     r1                      R1=000000 
001046: sob     r2,001020               
001020: mov     #000060,r0              [001022]=000060 
001024: tst     r1                      R1=000000 
001026: bpl     001032                  
001032: tstb    @#177564                [177564]=200 
001036: bpl     001032                  
001040: movb    r0,@#177566             R0=060 [177566] 0
001044: rol     r1                      R1=000000 
001046: sob     r2,001020               
001020: mov     #000060,r0              [001022]=000060 
001024: tst     r1                      R1=000000 
001026: bpl     001032                  
001032: tstb    @#177564                [177564]=200 
001036: bpl     001032                  
001040: movb    r0,@#177566             R0=060 [177566] 0
001044: rol     r1                      R1=000000 
001046: sob     r2,001020               
001020: mov     #000060,r0              [001022]=000060 
001024: tst     r1                      R1=000000 
001026: bpl     001032                  
001032: tstb    @#177564                [177564]=200 
001036: bpl     001032                  
001040: movb    r0,@#177566             R0=060 [177566] 0
001044: rol     r1                      R1=000000 
001046: sob     r2,001020               
001020: mov     #000060,r0              [001022]=000060 
001024: tst     r1                      R1=000000 
001026: bpl     001032                  
001032: tstb    @#177564                [177564]=200 
001036: bpl     001032                  
001040: movb    r0,@#177566             R0=060 [177566] 0
001044: rol     r1                      R1=000000 
001046: sob     r2,001020               
001020: mov     #000060,r0              [001022]=000060 
001024: tst     r1                      R1=000000 
001026: bpl     001032                  
001032: tstb    @#177564                [177564]=200 
001036: bpl     001032                  
001040: movb    r0,@#177566             R0=060 [177566] 0
001044: rol     r1                      R1=000000 
001046: sob     r2,001020               
001020: mov     #000060,r0              [001022]=000060 
001024: tst     r1                      R1=000000 
001026: bpl     001032                  
001032: tstb    @#177564                [177564]=200 
001036: bpl     001032                  
001040: movb    r0,@#177566             R0=060 [177566] 0
001044: rol     r1                      R1=000000 
001046: sob     r2,001020               
001020: mov     #000060,r0              [001022]=000060 
001024: tst     r1                      R1=000000 
001026: bpl     001032                  
001032: tstb    @#177564                [177564]=200 
001036: bpl     001032                  
001040: movb    r0,@#177566             R0=060 [177566] 0
001044: rol     r1                      R1=000000 
001046: sob     r2,001020               
001020: mov     #000060,r0              [001022]=000060 
001024: tst     r1                      R1=000000 
001026: bpl     001032                  
001032: tstb    @#177564                [177564]=200 
001036: bpl     001032                  
001040: movb    r0,@#177566             R0=060 [177566] 0
001044: rol     r1                      R1=000000 
001046: sob     r2,001020               
001050: tstb    @#177564                [177564]=200 
001054: bpl     001050                  
001056: movb    #000012,@#177566        [001060]=012 [177566] 

001064: tstb    @#177564                [177564]=200 
001070: bpl     001064                  
001072: movb    #000015,@#177566        [001074]=015 [177566] 
001100: br      001004                  
001004: mov     (r5)+,r0                [000226]=123456 
001006: beq     001102                  
001010: mov     r0,r1                   R0=123456 
001012: mov     #000020,r2              [001014]=000020 
001016: mov     r1,r0                   R1=123456 
001020: mov     #000060,r0              [001022]=000060 
001024: tst     r1                      R1=123456 
001026: bpl     001032                  
001030: inc     r0                      R0=000061 
001032: tstb    @#177564                [177564]=200 
001036: bpl     001032                  
001040: movb    r0,@#177566             R0=061 [177566] 1
001044: rol     r1                      R1=047134 
001046: sob     r2,001020               
001020: mov     #000060,r0              [001022]=000060 
001024: tst     r1                      R1=047134 
001026: bpl     001032                  
001032: tstb    @#177564                [177564]=200 
001036: bpl     001032                  
001040: movb    r0,@#177566             R0=060 [177566] 0
001044: rol     r1                      R1=116270 
001046: sob     r2,001020               
001020: mov     #000060,r0              [001022]=000060 
001024: tst     r1                      R1=116270 
001026: bpl     001032                  
001030: inc     r0                      R0=000061 
001032: tstb    @#177564                [177564]=200 
001036: bpl     001032                  
001040: movb    r0,@#177566             R0=061 [177566] 1
001044: rol     r1                      R1=034560 
001046: sob     r2,001020               
001020: mov     #000060,r0              [001022]=000060 
001024: tst     r1                      R1=034560 
001026: bpl     001032                  
001032: tstb    @#177564                [177564]=200 
001036: bpl     001032                  
001040: movb    r0,@#177566             R0=060 [177566] 0
001044: rol     r1                      R1=071340 
001046: sob     r2,001020               
001020: mov     #000060,r0              [001022]=000060 
001024: tst     r1                      R1=071340 
001026: bpl     001032                  
001032: tstb    @#177564                [177564]=200 
001036: bpl     001032                  
001040: movb    r0,@#177566             R0=060 [177566] 0
001044: rol     r1                      R1=162700 
001046: sob     r2,001020               
001020: mov     #000060,r0              [001022]=000060 
001024: tst     r1                      R1=162700 
001026: bpl     001032                  
001030: inc     r0                      R0=000061 
001032: tstb    @#177564                [177564]=200 
001036: bpl     001032                  
001040: movb    r0,@#177566             R0=061 [177566] 1
001044: rol     r1                      R1=145600 
001046: sob     r2,001020               
001020: mov     #000060,r0              [001022]=000060 
001024: tst     r1                      R1=145600 
001026: bpl     001032                  
001030: inc     r0                      R0=000061 
001032: tstb    @#177564                [177564]=200 
001036: bpl     001032                  
001040: movb    r0,@#177566             R0=061 [177566] 1
001044: rol     r1                      R1=113400 
001046: sob     r2,001020               
001020: mov     #000060,r0              [001022]=000060 
001024: tst     r1                      R1=113400 
001026: bpl     001032                  
001030: inc     r0                      R0=000061 
001032: tstb    @#177564                [177564]=200 
001036: bpl     001032                  
001040: movb    r0,@#177566             R0=061 [177566] 1
001044: rol     r1                      R1=027000 
001046: sob     r2,001020               
001020: mov     #000060,r0              [001022]=000060 
001024: tst     r1                      R1=027000 
001026: bpl     001032                  
001032: tstb    @#177564                [177564]=200 
001036: bpl     001032                  
001040: movb    r0,@#177566             R0=060 [177566] 0
001044: rol     r1                      R1=056000 
001046: sob     r2,001020               
001020: mov     #000060,r0              [001022]=000060 
001024: tst     r1                      R1=056000 
001026: bpl     001032                  
001032: tstb    @#177564                [177564]=200 
001036: bpl     001032                  
001040: movb    r0,@#177566             R0=060 [177566] 0
001044: rol     r1                      R1=134000 
001046: sob     r2,001020               
001020: mov     #000060,r0              [001022]=000060 
001024: tst     r1                      R1=134000 
001026: bpl     001032                  
001030: inc     r0                      R0=000061 
001032: tstb    @#177564                [177564]=200 
001036: bpl     001032                  
001040: movb    r0,@#177566             R0=061 [177566] 1
001044: rol     r1                      R1=070000 
001046: sob     r2,001020               
001020: mov     #000060,r0              [001022]=000060 
001024: tst     r1                      R1=070000 
001026: bpl     001032                  
001032: tstb    @#177564                [177564]=200 
001036: bpl     001032                  
001040: movb    r0,@#177566             R0=060 [177566] 0
001044: rol     r1                      R1=160000 
001046: sob     r2,001020               
001020: mov     #000060,r0              [001022]=000060 
001024: tst     r1                      R1=160000 
001026: bpl     001032                  
001030: inc     r0                      R0=000061 
001032: tstb    @#177564                [177564]=200 
001036: bpl     001032                  
001040: movb    r0,@#177566             R0=061 [177566] 1
001044: rol     r1                      R1=140000 
001046: sob     r2,001020               
001020: mov     #000060,r0              [001022]=000060 
001024: tst     r1                      R1=140000 
001026: bpl     001032                  
001030: inc     r0                      R0=000061 
001032: tstb    @#177564                [177564]=200 
001036: bpl     001032                  
001040: movb    r0,@#177566             R0=061 [177566] 1
001044: rol     r1                      R1=100000 
001046: sob     r2,001020               
001020: mov     #000060,r0              [001022]=000060 
001024: tst     r1                      R1=100000 
001026: bpl     001032                  
001030: inc     r0                      R0=000061 
001032: tstb    @#177564                [177564]=200 
001036: bpl     001032                  
001040: movb    r0,@#177566             R0=061 [177566] 1
001044: rol     r1                      R1=000000 
001046: sob     r2,001020               
001020: mov     #000060,r0              [001022]=000060 
001024: tst     r1                      R1=000000 
001026: bpl     001032                  
001032: tstb    @#177564                [177564]=200 
001036: bpl     001032                  
001040: movb    r0,@#177566             R0=060 [177566] 0
001044: rol     r1                      R1=000000 
001046: sob     r2,001020               
001050: tstb    @#177564                [177564]=200 
001054: bpl     001050                  
001056: movb    #000012,@#177566        [001060]=012 [177566] 

001064: tstb    @#177564                [177564]=200 
001070: bpl     001064                  
001072: movb    #000015,@#177566        [001074]=015 [177566] 
001100: br      001004                  
001004: mov     (r5)+,r0                [000230]=012345 
001006: beq     001102                  
001010: mov     r0,r1                   R0=012345 
001012: mov     #000020,r2              [001014]=000020 
001016: mov     r1,r0                   R1=012345 
001020: mov     #000060,r0              [001022]=000060 
001024: tst     r1                      R1=012345 
001026: bpl     001032                  
001032: tstb    @#177564                [177564]=200 
001036: bpl     001032                  
001040: movb    r0,@#177566             R0=060 [177566] 0
001044: rol     r1                      R1=024712 
001046: sob     r2,001020               
001020: mov     #000060,r0              [001022]=000060 
001024: tst     r1                      R1=024712 
001026: bpl     001032                  
001032: tstb    @#177564                [177564]=200 
001036: bpl     001032                  
001040: movb    r0,@#177566             R0=060 [177566] 0
001044: rol     r1                      R1=051624 
001046: sob     r2,001020               
001020: mov     #000060,r0              [001022]=000060 
001024: tst     r1                      R1=051624 
001026: bpl     001032                  
001032: tstb    @#177564                [177564]=200 
001036: bpl     001032                  
001040: movb    r0,@#177566             R0=060 [177566] 0
001044: rol     r1                      R1=123450 
001046: sob     r2,001020               
001020: mov     #000060,r0              [001022]=000060 
001024: tst     r1                      R1=123450 
001026: bpl     001032                  
001030: inc     r0                      R0=000061 
001032: tstb    @#177564                [177564]=200 
001036: bpl     001032                  
001040: movb    r0,@#177566             R0=061 [177566] 1
001044: rol     r1                      R1=047120 
001046: sob     r2,001020               
001020: mov     #000060,r0              [001022]=000060 
001024: tst     r1                      R1=047120 
001026: bpl     001032                  
001032: tstb    @#177564                [177564]=200 
001036: bpl     001032                  
001040: movb    r0,@#177566             R0=060 [177566] 0
001044: rol     r1                      R1=116240 
001046: sob     r2,001020               
001020: mov     #000060,r0              [001022]=000060 
001024: tst     r1                      R1=116240 
001026: bpl     001032                  
001030: inc     r0                      R0=000061 
001032: tstb    @#177564                [177564]=200 
001036: bpl     001032                  
001040: movb    r0,@#177566             R0=061 [177566] 1
001044: rol     r1                      R1=034500 
001046: sob     r2,001020               
001020: mov     #000060,r0              [001022]=000060 
001024: tst     r1                      R1=034500 
001026: bpl     001032                  
001032: tstb    @#177564                [177564]=200 
001036: bpl     001032                  
001040: movb    r0,@#177566             R0=060 [177566] 0
001044: rol     r1                      R1=071200 
001046: sob     r2,001020               
001020: mov     #000060,r0              [001022]=000060 
001024: tst     r1                      R1=071200 
001026: bpl     001032                  
001032: tstb    @#177564                [177564]=200 
001036: bpl     001032                  
001040: movb    r0,@#177566             R0=060 [177566] 0
001044: rol     r1                      R1=162400 
001046: sob     r2,001020               
001020: mov     #000060,r0              [001022]=000060 
001024: tst     r1                      R1=162400 
001026: bpl     001032                  
001030: inc     r0                      R0=000061 
001032: tstb    @#177564                [177564]=200 
001036: bpl     001032                  
001040: movb    r0,@#177566             R0=061 [177566] 1
001044: rol     r1                      R1=145000 
001046: sob     r2,001020               
001020: mov     #000060,r0              [001022]=000060 
001024: tst     r1                      R1=145000 
001026: bpl     001032                  
001030: inc     r0                      R0=000061 
001032: tstb    @#177564                [177564]=200 
001036: bpl     001032                  
001040: movb    r0,@#177566             R0=061 [177566] 1
001044: rol     r1                      R1=112000 
001046: sob     r2,001020               
001020: mov     #000060,r0              [001022]=000060 
001024: tst     r1                      R1=112000 
001026: bpl     001032                  
001030: inc     r0                      R0=000061 
001032: tstb    @#177564                [177564]=200 
001036: bpl     001032                  
001040: movb    r0,@#177566             R0=061 [177566] 1
001044: rol     r1                      R1=024000 
001046: sob     r2,001020               
001020: mov     #000060,r0              [001022]=000060 
001024: tst     r1                      R1=024000 
001026: bpl     001032                  
001032: tstb    @#177564                [177564]=200 
001036: bpl     001032                  
001040: movb    r0,@#177566             R0=060 [177566] 0
001044: rol     r1                      R1=050000 
001046: sob     r2,001020               
001020: mov     #000060,r0              [001022]=000060 
001024: tst     r1                      R1=050000 
001026: bpl     001032                  
001032: tstb    @#177564                [177564]=200 
001036: bpl     001032                  
001040: movb    r0,@#177566             R0=060 [177566] 0
001044: rol     r1                      R1=120000 
001046: sob     r2,001020               
001020: mov     #000060,r0              [001022]=000060 
001024: tst     r1                      R1=120000 
001026: bpl     001032                  
001030: inc     r0                      R0=000061 
001032: tstb    @#177564                [177564]=200 
001036: bpl     001032                  
001040: movb    r0,@#177566             R0=061 [177566] 1
001044: rol     r1                      R1=040000 
001046: sob     r2,001020               
001020: mov     #000060,r0              [001022]=000060 
001024: tst     r1                      R1=040000 
001026: bpl     001032                  
001032: tstb    @#177564                [177564]=200 
001036: bpl     001032                  
001040: movb    r0,@#177566             R0=060 [177566] 0
001044: rol     r1                      R1=100000 
001046: sob     r2,001020               
001020: mov     #000060,r0              [001022]=000060 
001024: tst     r1                      R1=100000 
001026: bpl     001032                  
001030: inc     r0                      R0=000061 
001032: tstb    @#177564                [177564]=200 
001036: bpl     001032                  
001040: movb    r0,@#177566             R0=061 [177566] 1
001044: rol     r1                      R1=000000 
001046: sob     r2,001020               
001050: tstb    @#177564                [177564]=200 
001054: bpl     001050                  
001056: movb    #000012,@#177566        [001060]=012 [177566] 

001064: tstb    @#177564                [177564]=200 
001070: bpl     001064                  
001072: movb    #000015,@#177566        [001074]=015 [177566] 
001100: br      001004                  
001004: mov     (r5)+,r0                [000232]=000000 
001006: beq     001102                  
001102: halt                            

---------------- halted ---------------
r0=000000 r2=000000 r4=000000 sp=000000
r1=000000 r3=000000 r5=000234 pc=001104
psw=000004: cm=k pm=k pri=0    z   [1876]
